This file contains any messages produced by compilers while
running configure, to aid debugging if configure makes a mistake.

It was created by FastJet configure 3.4.2, which was
generated by GNU Autoconf 2.71.  Invocation command line was

  $ ./configure --prefix=/home/dkennedy_umass_edu/MG5_aMC_v3_5_3/fastjet-3.4.2/fastjet-install

## --------- ##
## Platform. ##
## --------- ##

hostname = login1
uname -m = x86_64
uname -r = 5.4.0-170-generic
uname -s = Linux
uname -v = #188-Ubuntu SMP Wed Jan 10 09:51:01 UTC 2024

/usr/bin/uname -p = x86_64
/bin/uname -X     = unknown

/bin/arch              = x86_64
/usr/bin/arch -k       = unknown
/usr/convex/getsysinfo = unknown
/usr/bin/hostinfo      = unknown
/bin/machine           = unknown
/usr/bin/oslevel       = unknown
/bin/universe          = unknown

PATH: /home/dkennedy_umass_edu/Software/Python/anaconda3/envs/root6/bin/
PATH: /home/dkennedy_umass_edu/Software/Python/anaconda3/condabin/
PATH: /modules/user-resources/bin/
PATH: /usr/local/sbin/
PATH: /usr/local/bin/
PATH: /usr/sbin/
PATH: /usr/bin/
PATH: /sbin/
PATH: /bin/
PATH: /usr/games/
PATH: /usr/local/games/
PATH: /snap/bin/


## ----------- ##
## Core tests. ##
## ----------- ##

configure:3033: looking for aux files: config.guess config.sub ltmain.sh compile missing install-sh
configure:3046:  trying ./
configure:3075:   ./config.guess found
configure:3075:   ./config.sub found
configure:3075:   ./ltmain.sh found
configure:3075:   ./compile found
configure:3075:   ./missing found
configure:3057:   ./install-sh found
configure:3205: checking for a BSD-compatible install
configure:3278: result: /usr/bin/install -c
configure:3289: checking whether build environment is sane
configure:3344: result: yes
configure:3501: checking for a race-free mkdir -p
configure:3545: result: /usr/bin/mkdir -p
configure:3552: checking for gawk
configure:3573: found /usr/bin/gawk
configure:3584: result: gawk
configure:3595: checking whether make sets $(MAKE)
configure:3618: result: yes
configure:3648: checking whether make supports nested variables
configure:3666: result: yes
configure:3751: checking whether UID '3185' is supported by ustar format
configure:3754: result: yes
configure:3761: checking whether GID '3185' is supported by ustar format
configure:3764: result: yes
configure:3772: checking how to create a ustar tar archive
configure:3783: tar --version
tar (GNU tar) 1.30
Copyright (C) 2017 Free Software Foundation, Inc.
License GPLv3+: GNU GPL version 3 or later <https://gnu.org/licenses/gpl.html>.
This is free software: you are free to change and redistribute it.
There is NO WARRANTY, to the extent permitted by law.

Written by John Gilmore and Jay Fenlason.
configure:3786: $? = 0
configure:3826: tardir=conftest.dir && eval tar --format=ustar -chf - "$tardir" >conftest.tar
configure:3829: $? = 0
configure:3833: tar -xf - <conftest.tar
configure:3836: $? = 0
configure:3838: cat conftest.dir/file
GrepMe
configure:3841: $? = 0
configure:3855: result: gnutar
configure:3945: checking whether make supports the include directive
configure:3960: make -f confmf.GNU && cat confinc.out
this is the am__doit target
configure:3963: $? = 0
configure:3982: result: yes (GNU style)
configure:4013: checking for x86_64-conda-linux-gnu-gcc
configure:4045: result: /home/dkennedy_umass_edu/Software/Python/anaconda3/envs/root6/bin/x86_64-conda-linux-gnu-cc
configure:4443: checking for C compiler version
configure:4452: /home/dkennedy_umass_edu/Software/Python/anaconda3/envs/root6/bin/x86_64-conda-linux-gnu-cc --version >&5
x86_64-conda-linux-gnu-cc (conda-forge gcc 10.4.0-19) 10.4.0
Copyright (C) 2020 Free Software Foundation, Inc.
This is free software; see the source for copying conditions.  There is NO
warranty; not even for MERCHANTABILITY or FITNESS FOR A PARTICULAR PURPOSE.

configure:4463: $? = 0
configure:4452: /home/dkennedy_umass_edu/Software/Python/anaconda3/envs/root6/bin/x86_64-conda-linux-gnu-cc -v >&5
Reading specs from /home/dkennedy_umass_edu/Software/Python/anaconda3/envs/root6/bin/../lib/gcc/x86_64-conda-linux-gnu/10.4.0/specs
could not find specs file conda.specs
COLLECT_GCC=/home/dkennedy_umass_edu/Software/Python/anaconda3/envs/root6/bin/x86_64-conda-linux-gnu-cc
COLLECT_LTO_WRAPPER=/home/dkennedy_umass_edu/Software/Python/anaconda3/envs/root6/bin/../libexec/gcc/x86_64-conda-linux-gnu/10.4.0/lto-wrapper
Target: x86_64-conda-linux-gnu
Configured with: ../configure --prefix=/home/conda/feedstock_root/build_artifacts/gcc_compilers_1666516817544/_h_env_placehold_placehold_placehold_placehold_placehold_placehold_placehold_placehold_placehold_placehold_placehold_placehold_placehold_placehold_placehold_placehold_placehold_placeho --with-slibdir=/home/conda/feedstock_root/build_artifacts/gcc_compilers_1666516817544/_h_env_placehold_placehold_placehold_placehold_placehold_placehold_placehold_placehold_placehold_placehold_placehold_placehold_placehold_placehold_placehold_placehold_placehold_placeho/lib --libdir=/home/conda/feedstock_root/build_artifacts/gcc_compilers_1666516817544/_h_env_placehold_placehold_placehold_placehold_placehold_placehold_placehold_placehold_placehold_placehold_placehold_placehold_placehold_placehold_placehold_placehold_placehold_placeho/lib --mandir=/home/conda/feedstock_root/build_artifacts/gcc_compilers_1666516817544/_h_env_placehold_placehold_placehold_placehold_placehold_placehold_placehold_placehold_placehold_placehold_placehold_placehold_placehold_placehold_placehold_placehold_placehold_placeho/man --build=x86_64-conda-linux-gnu --host=x86_64-conda-linux-gnu --target=x86_64-conda-linux-gnu --enable-default-pie --enable-languages=c,c++,fortran,objc,obj-c++ --enable-__cxa_atexit --disable-libmudflap --enable-libgomp --disable-libssp --enable-libquadmath --enable-libquadmath-support --enable-libsanitizer --enable-lto --enable-threads=posix --enable-target-optspace --enable-plugin --enable-gold --disable-nls --disable-bootstrap --disable-multilib --enable-long-long --with-sysroot=/home/conda/feedstock_root/build_artifacts/gcc_compilers_1666516817544/_h_env_placehold_placehold_placehold_placehold_placehold_placehold_placehold_placehold_placehold_placehold_placehold_placehold_placehold_placehold_placehold_placehold_placehold_placeho/x86_64-conda-linux-gnu/sysroot --with-build-sysroot=/home/conda/feedstock_root/build_artifacts/gcc_compilers_1666516817544/_build_env/x86_64-conda-linux-gnu/sysroot --with-gxx-include-dir=/home/conda/feedstock_root/build_artifacts/gcc_compilers_1666516817544/_h_env_placehold_placehold_placehold_placehold_placehold_placehold_placehold_placehold_placehold_placehold_placehold_placehold_placehold_placehold_placehold_placehold_placehold_placeho/x86_64-conda-linux-gnu/include/c++/10.4.0 --with-pkgversion='conda-forge gcc 10.4.0-19' --with-bugurl=https://github.com/conda-forge/ctng-compilers-feedstock/issues/new/choose
Thread model: posix
Supported LTO compression algorithms: zlib
gcc version 10.4.0 (conda-forge gcc 10.4.0-19) 
configure:4463: $? = 0
configure:4452: /home/dkennedy_umass_edu/Software/Python/anaconda3/envs/root6/bin/x86_64-conda-linux-gnu-cc -V >&5
x86_64-conda-linux-gnu-cc: error: unrecognized command-line option '-V'
x86_64-conda-linux-gnu-cc: fatal error: no input files
compilation terminated.
configure:4463: $? = 1
configure:4452: /home/dkennedy_umass_edu/Software/Python/anaconda3/envs/root6/bin/x86_64-conda-linux-gnu-cc -qversion >&5
x86_64-conda-linux-gnu-cc: error: unrecognized command-line option '-qversion'; did you mean '--version'?
x86_64-conda-linux-gnu-cc: fatal error: no input files
compilation terminated.
configure:4463: $? = 1
configure:4452: /home/dkennedy_umass_edu/Software/Python/anaconda3/envs/root6/bin/x86_64-conda-linux-gnu-cc -version >&5
x86_64-conda-linux-gnu-cc: error: unrecognized command-line option '-version'
x86_64-conda-linux-gnu-cc: fatal error: no input files
compilation terminated.
configure:4463: $? = 1
configure:4483: checking whether the C compiler works
configure:4505: /home/dkennedy_umass_edu/Software/Python/anaconda3/envs/root6/bin/x86_64-conda-linux-gnu-cc -march=nocona -mtune=haswell -ftree-vectorize -fPIC -fstack-protector-strong -fno-plt -O2 -ffunction-sections -pipe -isystem /home/dkennedy_umass_edu/Software/Python/anaconda3/envs/root6/include -DNDEBUG -D_FORTIFY_SOURCE=2 -O2 -isystem /home/dkennedy_umass_edu/Software/Python/anaconda3/envs/root6/include -Wl,-O2 -Wl,--sort-common -Wl,--as-needed -Wl,-z,relro -Wl,-z,now -Wl,--disable-new-dtags -Wl,--gc-sections -Wl,--allow-shlib-undefined -Wl,-rpath,/home/dkennedy_umass_edu/Software/Python/anaconda3/envs/root6/lib -Wl,-rpath-link,/home/dkennedy_umass_edu/Software/Python/anaconda3/envs/root6/lib -L/home/dkennedy_umass_edu/Software/Python/anaconda3/envs/root6/lib conftest.c  >&5
configure:4509: $? = 0
configure:4559: result: yes
configure:4562: checking for C compiler default output file name
configure:4564: result: a.out
configure:4570: checking for suffix of executables
configure:4577: /home/dkennedy_umass_edu/Software/Python/anaconda3/envs/root6/bin/x86_64-conda-linux-gnu-cc -o conftest -march=nocona -mtune=haswell -ftree-vectorize -fPIC -fstack-protector-strong -fno-plt -O2 -ffunction-sections -pipe -isystem /home/dkennedy_umass_edu/Software/Python/anaconda3/envs/root6/include -DNDEBUG -D_FORTIFY_SOURCE=2 -O2 -isystem /home/dkennedy_umass_edu/Software/Python/anaconda3/envs/root6/include -Wl,-O2 -Wl,--sort-common -Wl,--as-needed -Wl,-z,relro -Wl,-z,now -Wl,--disable-new-dtags -Wl,--gc-sections -Wl,--allow-shlib-undefined -Wl,-rpath,/home/dkennedy_umass_edu/Software/Python/anaconda3/envs/root6/lib -Wl,-rpath-link,/home/dkennedy_umass_edu/Software/Python/anaconda3/envs/root6/lib -L/home/dkennedy_umass_edu/Software/Python/anaconda3/envs/root6/lib conftest.c  >&5
configure:4581: $? = 0
configure:4604: result: 
configure:4626: checking whether we are cross compiling
configure:4634: /home/dkennedy_umass_edu/Software/Python/anaconda3/envs/root6/bin/x86_64-conda-linux-gnu-cc -o conftest -march=nocona -mtune=haswell -ftree-vectorize -fPIC -fstack-protector-strong -fno-plt -O2 -ffunction-sections -pipe -isystem /home/dkennedy_umass_edu/Software/Python/anaconda3/envs/root6/include -DNDEBUG -D_FORTIFY_SOURCE=2 -O2 -isystem /home/dkennedy_umass_edu/Software/Python/anaconda3/envs/root6/include -Wl,-O2 -Wl,--sort-common -Wl,--as-needed -Wl,-z,relro -Wl,-z,now -Wl,--disable-new-dtags -Wl,--gc-sections -Wl,--allow-shlib-undefined -Wl,-rpath,/home/dkennedy_umass_edu/Software/Python/anaconda3/envs/root6/lib -Wl,-rpath-link,/home/dkennedy_umass_edu/Software/Python/anaconda3/envs/root6/lib -L/home/dkennedy_umass_edu/Software/Python/anaconda3/envs/root6/lib conftest.c  >&5
configure:4638: $? = 0
configure:4645: ./conftest
configure:4649: $? = 0
configure:4637: result: no
configure:4642: checking for suffix of object files
configure:4665: /home/dkennedy_umass_edu/Software/Python/anaconda3/envs/root6/bin/x86_64-conda-linux-gnu-cc -c -march=nocona -mtune=haswell -ftree-vectorize -fPIC -fstack-protector-strong -fno-plt -O2 -ffunction-sections -pipe -isystem /home/dkennedy_umass_edu/Software/Python/anaconda3/envs/root6/include -DNDEBUG -D_FORTIFY_SOURCE=2 -O2 -isystem /home/dkennedy_umass_edu/Software/Python/anaconda3/envs/root6/include conftest.c >&5
configure:4669: $? = 0
configure:4691: result: o
configure:4695: checking whether the compiler supports GNU C
configure:4715: /home/dkennedy_umass_edu/Software/Python/anaconda3/envs/root6/bin/x86_64-conda-linux-gnu-cc -c -march=nocona -mtune=haswell -ftree-vectorize -fPIC -fstack-protector-strong -fno-plt -O2 -ffunction-sections -pipe -isystem /home/dkennedy_umass_edu/Software/Python/anaconda3/envs/root6/include -DNDEBUG -D_FORTIFY_SOURCE=2 -O2 -isystem /home/dkennedy_umass_edu/Software/Python/anaconda3/envs/root6/include conftest.c >&5
configure:4715: $? = 0
configure:4725: result: yes
configure:4736: checking whether /home/dkennedy_umass_edu/Software/Python/anaconda3/envs/root6/bin/x86_64-conda-linux-gnu-cc accepts -g
configure:4757: /home/dkennedy_umass_edu/Software/Python/anaconda3/envs/root6/bin/x86_64-conda-linux-gnu-cc -c -g -DNDEBUG -D_FORTIFY_SOURCE=2 -O2 -isystem /home/dkennedy_umass_edu/Software/Python/anaconda3/envs/root6/include conftest.c >&5
configure:4757: $? = 0
configure:4801: result: yes
configure:4821: checking for /home/dkennedy_umass_edu/Software/Python/anaconda3/envs/root6/bin/x86_64-conda-linux-gnu-cc option to enable C11 features
configure:4836: /home/dkennedy_umass_edu/Software/Python/anaconda3/envs/root6/bin/x86_64-conda-linux-gnu-cc  -c -march=nocona -mtune=haswell -ftree-vectorize -fPIC -fstack-protector-strong -fno-plt -O2 -ffunction-sections -pipe -isystem /home/dkennedy_umass_edu/Software/Python/anaconda3/envs/root6/include -DNDEBUG -D_FORTIFY_SOURCE=2 -O2 -isystem /home/dkennedy_umass_edu/Software/Python/anaconda3/envs/root6/include conftest.c >&5
configure:4836: $? = 0
configure:4854: result: none needed
configure:4970: checking whether /home/dkennedy_umass_edu/Software/Python/anaconda3/envs/root6/bin/x86_64-conda-linux-gnu-cc understands -c and -o together
configure:4993: /home/dkennedy_umass_edu/Software/Python/anaconda3/envs/root6/bin/x86_64-conda-linux-gnu-cc -c conftest.c -o conftest2.o
configure:4996: $? = 0
configure:4993: /home/dkennedy_umass_edu/Software/Python/anaconda3/envs/root6/bin/x86_64-conda-linux-gnu-cc -c conftest.c -o conftest2.o
configure:4996: $? = 0
configure:5008: result: yes
configure:5027: checking dependency style of /home/dkennedy_umass_edu/Software/Python/anaconda3/envs/root6/bin/x86_64-conda-linux-gnu-cc
configure:5139: result: gcc3
configure:5159: checking for stdio.h
configure:5159: /home/dkennedy_umass_edu/Software/Python/anaconda3/envs/root6/bin/x86_64-conda-linux-gnu-cc -c -march=nocona -mtune=haswell -ftree-vectorize -fPIC -fstack-protector-strong -fno-plt -O2 -ffunction-sections -pipe -isystem /home/dkennedy_umass_edu/Software/Python/anaconda3/envs/root6/include -DNDEBUG -D_FORTIFY_SOURCE=2 -O2 -isystem /home/dkennedy_umass_edu/Software/Python/anaconda3/envs/root6/include conftest.c >&5
configure:5159: $? = 0
configure:5159: result: yes
configure:5159: checking for stdlib.h
configure:5159: /home/dkennedy_umass_edu/Software/Python/anaconda3/envs/root6/bin/x86_64-conda-linux-gnu-cc -c -march=nocona -mtune=haswell -ftree-vectorize -fPIC -fstack-protector-strong -fno-plt -O2 -ffunction-sections -pipe -isystem /home/dkennedy_umass_edu/Software/Python/anaconda3/envs/root6/include -DNDEBUG -D_FORTIFY_SOURCE=2 -O2 -isystem /home/dkennedy_umass_edu/Software/Python/anaconda3/envs/root6/include conftest.c >&5
configure:5159: $? = 0
configure:5159: result: yes
configure:5159: checking for string.h
configure:5159: /home/dkennedy_umass_edu/Software/Python/anaconda3/envs/root6/bin/x86_64-conda-linux-gnu-cc -c -march=nocona -mtune=haswell -ftree-vectorize -fPIC -fstack-protector-strong -fno-plt -O2 -ffunction-sections -pipe -isystem /home/dkennedy_umass_edu/Software/Python/anaconda3/envs/root6/include -DNDEBUG -D_FORTIFY_SOURCE=2 -O2 -isystem /home/dkennedy_umass_edu/Software/Python/anaconda3/envs/root6/include conftest.c >&5
configure:5159: $? = 0
configure:5159: result: yes
configure:5159: checking for inttypes.h
configure:5159: /home/dkennedy_umass_edu/Software/Python/anaconda3/envs/root6/bin/x86_64-conda-linux-gnu-cc -c -march=nocona -mtune=haswell -ftree-vectorize -fPIC -fstack-protector-strong -fno-plt -O2 -ffunction-sections -pipe -isystem /home/dkennedy_umass_edu/Software/Python/anaconda3/envs/root6/include -DNDEBUG -D_FORTIFY_SOURCE=2 -O2 -isystem /home/dkennedy_umass_edu/Software/Python/anaconda3/envs/root6/include conftest.c >&5
configure:5159: $? = 0
configure:5159: result: yes
configure:5159: checking for stdint.h
configure:5159: /home/dkennedy_umass_edu/Software/Python/anaconda3/envs/root6/bin/x86_64-conda-linux-gnu-cc -c -march=nocona -mtune=haswell -ftree-vectorize -fPIC -fstack-protector-strong -fno-plt -O2 -ffunction-sections -pipe -isystem /home/dkennedy_umass_edu/Software/Python/anaconda3/envs/root6/include -DNDEBUG -D_FORTIFY_SOURCE=2 -O2 -isystem /home/dkennedy_umass_edu/Software/Python/anaconda3/envs/root6/include conftest.c >&5
configure:5159: $? = 0
configure:5159: result: yes
configure:5159: checking for strings.h
configure:5159: /home/dkennedy_umass_edu/Software/Python/anaconda3/envs/root6/bin/x86_64-conda-linux-gnu-cc -c -march=nocona -mtune=haswell -ftree-vectorize -fPIC -fstack-protector-strong -fno-plt -O2 -ffunction-sections -pipe -isystem /home/dkennedy_umass_edu/Software/Python/anaconda3/envs/root6/include -DNDEBUG -D_FORTIFY_SOURCE=2 -O2 -isystem /home/dkennedy_umass_edu/Software/Python/anaconda3/envs/root6/include conftest.c >&5
configure:5159: $? = 0
configure:5159: result: yes
configure:5159: checking for sys/stat.h
configure:5159: /home/dkennedy_umass_edu/Software/Python/anaconda3/envs/root6/bin/x86_64-conda-linux-gnu-cc -c -march=nocona -mtune=haswell -ftree-vectorize -fPIC -fstack-protector-strong -fno-plt -O2 -ffunction-sections -pipe -isystem /home/dkennedy_umass_edu/Software/Python/anaconda3/envs/root6/include -DNDEBUG -D_FORTIFY_SOURCE=2 -O2 -isystem /home/dkennedy_umass_edu/Software/Python/anaconda3/envs/root6/include conftest.c >&5
configure:5159: $? = 0
configure:5159: result: yes
configure:5159: checking for sys/types.h
configure:5159: /home/dkennedy_umass_edu/Software/Python/anaconda3/envs/root6/bin/x86_64-conda-linux-gnu-cc -c -march=nocona -mtune=haswell -ftree-vectorize -fPIC -fstack-protector-strong -fno-plt -O2 -ffunction-sections -pipe -isystem /home/dkennedy_umass_edu/Software/Python/anaconda3/envs/root6/include -DNDEBUG -D_FORTIFY_SOURCE=2 -O2 -isystem /home/dkennedy_umass_edu/Software/Python/anaconda3/envs/root6/include conftest.c >&5
configure:5159: $? = 0
configure:5159: result: yes
configure:5159: checking for unistd.h
configure:5159: /home/dkennedy_umass_edu/Software/Python/anaconda3/envs/root6/bin/x86_64-conda-linux-gnu-cc -c -march=nocona -mtune=haswell -ftree-vectorize -fPIC -fstack-protector-strong -fno-plt -O2 -ffunction-sections -pipe -isystem /home/dkennedy_umass_edu/Software/Python/anaconda3/envs/root6/include -DNDEBUG -D_FORTIFY_SOURCE=2 -O2 -isystem /home/dkennedy_umass_edu/Software/Python/anaconda3/envs/root6/include conftest.c >&5
configure:5159: $? = 0
configure:5159: result: yes
configure:5184: checking for int
configure:5184: /home/dkennedy_umass_edu/Software/Python/anaconda3/envs/root6/bin/x86_64-conda-linux-gnu-cc -c -march=nocona -mtune=haswell -ftree-vectorize -fPIC -fstack-protector-strong -fno-plt -O2 -ffunction-sections -pipe -isystem /home/dkennedy_umass_edu/Software/Python/anaconda3/envs/root6/include -DNDEBUG -D_FORTIFY_SOURCE=2 -O2 -isystem /home/dkennedy_umass_edu/Software/Python/anaconda3/envs/root6/include conftest.c >&5
configure:5184: $? = 0
configure:5184: /home/dkennedy_umass_edu/Software/Python/anaconda3/envs/root6/bin/x86_64-conda-linux-gnu-cc -c -march=nocona -mtune=haswell -ftree-vectorize -fPIC -fstack-protector-strong -fno-plt -O2 -ffunction-sections -pipe -isystem /home/dkennedy_umass_edu/Software/Python/anaconda3/envs/root6/include -DNDEBUG -D_FORTIFY_SOURCE=2 -O2 -isystem /home/dkennedy_umass_edu/Software/Python/anaconda3/envs/root6/include conftest.c >&5
conftest.c: In function 'main':
conftest.c:52:18: error: expected expression before ')' token
   52 | if (sizeof ((int)))
      |                  ^
configure:5184: $? = 1
configure: failed program was:
| /* confdefs.h */
| #define PACKAGE_NAME "FastJet"
| #define PACKAGE_TARNAME "fastjet"
| #define PACKAGE_VERSION "3.4.2"
| #define PACKAGE_STRING "FastJet 3.4.2"
| #define PACKAGE_BUGREPORT ""
| #define PACKAGE_URL ""
| #define PACKAGE "fastjet"
| #define VERSION "3.4.2"
| #define HAVE_STDIO_H 1
| #define HAVE_STDLIB_H 1
| #define HAVE_STRING_H 1
| #define HAVE_INTTYPES_H 1
| #define HAVE_STDINT_H 1
| #define HAVE_STRINGS_H 1
| #define HAVE_SYS_STAT_H 1
| #define HAVE_SYS_TYPES_H 1
| #define HAVE_UNISTD_H 1
| #define STDC_HEADERS 1
| /* end confdefs.h.  */
| #include <stddef.h>
| #ifdef HAVE_STDIO_H
| # include <stdio.h>
| #endif
| #ifdef HAVE_STDLIB_H
| # include <stdlib.h>
| #endif
| #ifdef HAVE_STRING_H
| # include <string.h>
| #endif
| #ifdef HAVE_INTTYPES_H
| # include <inttypes.h>
| #endif
| #ifdef HAVE_STDINT_H
| # include <stdint.h>
| #endif
| #ifdef HAVE_STRINGS_H
| # include <strings.h>
| #endif
| #ifdef HAVE_SYS_TYPES_H
| # include <sys/types.h>
| #endif
| #ifdef HAVE_SYS_STAT_H
| # include <sys/stat.h>
| #endif
| #ifdef HAVE_UNISTD_H
| # include <unistd.h>
| #endif
| int
| main (void)
| {
| if (sizeof ((int)))
| 	    return 0;
|   ;
|   return 0;
| }
configure:5184: result: yes
configure:5190: checking for long
configure:5190: /home/dkennedy_umass_edu/Software/Python/anaconda3/envs/root6/bin/x86_64-conda-linux-gnu-cc -c -march=nocona -mtune=haswell -ftree-vectorize -fPIC -fstack-protector-strong -fno-plt -O2 -ffunction-sections -pipe -isystem /home/dkennedy_umass_edu/Software/Python/anaconda3/envs/root6/include -DNDEBUG -D_FORTIFY_SOURCE=2 -O2 -isystem /home/dkennedy_umass_edu/Software/Python/anaconda3/envs/root6/include conftest.c >&5
configure:5190: $? = 0
configure:5190: /home/dkennedy_umass_edu/Software/Python/anaconda3/envs/root6/bin/x86_64-conda-linux-gnu-cc -c -march=nocona -mtune=haswell -ftree-vectorize -fPIC -fstack-protector-strong -fno-plt -O2 -ffunction-sections -pipe -isystem /home/dkennedy_umass_edu/Software/Python/anaconda3/envs/root6/include -DNDEBUG -D_FORTIFY_SOURCE=2 -O2 -isystem /home/dkennedy_umass_edu/Software/Python/anaconda3/envs/root6/include conftest.c >&5
conftest.c: In function 'main':
conftest.c:52:19: error: expected expression before ')' token
   52 | if (sizeof ((long)))
      |                   ^
configure:5190: $? = 1
configure: failed program was:
| /* confdefs.h */
| #define PACKAGE_NAME "FastJet"
| #define PACKAGE_TARNAME "fastjet"
| #define PACKAGE_VERSION "3.4.2"
| #define PACKAGE_STRING "FastJet 3.4.2"
| #define PACKAGE_BUGREPORT ""
| #define PACKAGE_URL ""
| #define PACKAGE "fastjet"
| #define VERSION "3.4.2"
| #define HAVE_STDIO_H 1
| #define HAVE_STDLIB_H 1
| #define HAVE_STRING_H 1
| #define HAVE_INTTYPES_H 1
| #define HAVE_STDINT_H 1
| #define HAVE_STRINGS_H 1
| #define HAVE_SYS_STAT_H 1
| #define HAVE_SYS_TYPES_H 1
| #define HAVE_UNISTD_H 1
| #define STDC_HEADERS 1
| /* end confdefs.h.  */
| #include <stddef.h>
| #ifdef HAVE_STDIO_H
| # include <stdio.h>
| #endif
| #ifdef HAVE_STDLIB_H
| # include <stdlib.h>
| #endif
| #ifdef HAVE_STRING_H
| # include <string.h>
| #endif
| #ifdef HAVE_INTTYPES_H
| # include <inttypes.h>
| #endif
| #ifdef HAVE_STDINT_H
| # include <stdint.h>
| #endif
| #ifdef HAVE_STRINGS_H
| # include <strings.h>
| #endif
| #ifdef HAVE_SYS_TYPES_H
| # include <sys/types.h>
| #endif
| #ifdef HAVE_SYS_STAT_H
| # include <sys/stat.h>
| #endif
| #ifdef HAVE_UNISTD_H
| # include <unistd.h>
| #endif
| int
| main (void)
| {
| if (sizeof ((long)))
| 	    return 0;
|   ;
|   return 0;
| }
configure:5190: result: yes
configure:5333: checking for C++ compiler version
configure:5342: /home/dkennedy_umass_edu/Software/Python/anaconda3/envs/root6/bin/x86_64-conda-linux-gnu-c++ --version >&5
x86_64-conda-linux-gnu-c++ (conda-forge gcc 10.4.0-19) 10.4.0
Copyright (C) 2020 Free Software Foundation, Inc.
This is free software; see the source for copying conditions.  There is NO
warranty; not even for MERCHANTABILITY or FITNESS FOR A PARTICULAR PURPOSE.

configure:5353: $? = 0
configure:5342: /home/dkennedy_umass_edu/Software/Python/anaconda3/envs/root6/bin/x86_64-conda-linux-gnu-c++ -v >&5
Reading specs from /home/dkennedy_umass_edu/Software/Python/anaconda3/envs/root6/bin/../lib/gcc/x86_64-conda-linux-gnu/10.4.0/specs
could not find specs file conda.specs
COLLECT_GCC=/home/dkennedy_umass_edu/Software/Python/anaconda3/envs/root6/bin/x86_64-conda-linux-gnu-c++
COLLECT_LTO_WRAPPER=/home/dkennedy_umass_edu/Software/Python/anaconda3/envs/root6/bin/../libexec/gcc/x86_64-conda-linux-gnu/10.4.0/lto-wrapper
Target: x86_64-conda-linux-gnu
Configured with: ../configure --prefix=/home/conda/feedstock_root/build_artifacts/gcc_compilers_1666516817544/_h_env_placehold_placehold_placehold_placehold_placehold_placehold_placehold_placehold_placehold_placehold_placehold_placehold_placehold_placehold_placehold_placehold_placehold_placeho --with-slibdir=/home/conda/feedstock_root/build_artifacts/gcc_compilers_1666516817544/_h_env_placehold_placehold_placehold_placehold_placehold_placehold_placehold_placehold_placehold_placehold_placehold_placehold_placehold_placehold_placehold_placehold_placehold_placeho/lib --libdir=/home/conda/feedstock_root/build_artifacts/gcc_compilers_1666516817544/_h_env_placehold_placehold_placehold_placehold_placehold_placehold_placehold_placehold_placehold_placehold_placehold_placehold_placehold_placehold_placehold_placehold_placehold_placeho/lib --mandir=/home/conda/feedstock_root/build_artifacts/gcc_compilers_1666516817544/_h_env_placehold_placehold_placehold_placehold_placehold_placehold_placehold_placehold_placehold_placehold_placehold_placehold_placehold_placehold_placehold_placehold_placehold_placeho/man --build=x86_64-conda-linux-gnu --host=x86_64-conda-linux-gnu --target=x86_64-conda-linux-gnu --enable-default-pie --enable-languages=c,c++,fortran,objc,obj-c++ --enable-__cxa_atexit --disable-libmudflap --enable-libgomp --disable-libssp --enable-libquadmath --enable-libquadmath-support --enable-libsanitizer --enable-lto --enable-threads=posix --enable-target-optspace --enable-plugin --enable-gold --disable-nls --disable-bootstrap --disable-multilib --enable-long-long --with-sysroot=/home/conda/feedstock_root/build_artifacts/gcc_compilers_1666516817544/_h_env_placehold_placehold_placehold_placehold_placehold_placehold_placehold_placehold_placehold_placehold_placehold_placehold_placehold_placehold_placehold_placehold_placehold_placeho/x86_64-conda-linux-gnu/sysroot --with-build-sysroot=/home/conda/feedstock_root/build_artifacts/gcc_compilers_1666516817544/_build_env/x86_64-conda-linux-gnu/sysroot --with-gxx-include-dir=/home/conda/feedstock_root/build_artifacts/gcc_compilers_1666516817544/_h_env_placehold_placehold_placehold_placehold_placehold_placehold_placehold_placehold_placehold_placehold_placehold_placehold_placehold_placehold_placehold_placehold_placehold_placeho/x86_64-conda-linux-gnu/include/c++/10.4.0 --with-pkgversion='conda-forge gcc 10.4.0-19' --with-bugurl=https://github.com/conda-forge/ctng-compilers-feedstock/issues/new/choose
Thread model: posix
Supported LTO compression algorithms: zlib
gcc version 10.4.0 (conda-forge gcc 10.4.0-19) 
configure:5353: $? = 0
configure:5342: /home/dkennedy_umass_edu/Software/Python/anaconda3/envs/root6/bin/x86_64-conda-linux-gnu-c++ -V >&5
x86_64-conda-linux-gnu-c++: error: unrecognized command-line option '-V'
x86_64-conda-linux-gnu-c++: fatal error: no input files
compilation terminated.
configure:5353: $? = 1
configure:5342: /home/dkennedy_umass_edu/Software/Python/anaconda3/envs/root6/bin/x86_64-conda-linux-gnu-c++ -qversion >&5
x86_64-conda-linux-gnu-c++: error: unrecognized command-line option '-qversion'; did you mean '--version'?
x86_64-conda-linux-gnu-c++: fatal error: no input files
compilation terminated.
configure:5353: $? = 1
configure:5357: checking whether the compiler supports GNU C++
configure:5377: /home/dkennedy_umass_edu/Software/Python/anaconda3/envs/root6/bin/x86_64-conda-linux-gnu-c++ -c -fvisibility-inlines-hidden -std=c++17 -fmessage-length=0 -march=nocona -mtune=haswell -ftree-vectorize -fPIC -fstack-protector-strong -fno-plt -O2 -ffunction-sections -pipe -isystem /home/dkennedy_umass_edu/Software/Python/anaconda3/envs/root6/include -DNDEBUG -D_FORTIFY_SOURCE=2 -O2 -isystem /home/dkennedy_umass_edu/Software/Python/anaconda3/envs/root6/include conftest.cpp >&5
configure:5377: $? = 0
configure:5387: result: yes
configure:5398: checking whether /home/dkennedy_umass_edu/Software/Python/anaconda3/envs/root6/bin/x86_64-conda-linux-gnu-c++ accepts -g
configure:5419: /home/dkennedy_umass_edu/Software/Python/anaconda3/envs/root6/bin/x86_64-conda-linux-gnu-c++ -c -g -DNDEBUG -D_FORTIFY_SOURCE=2 -O2 -isystem /home/dkennedy_umass_edu/Software/Python/anaconda3/envs/root6/include conftest.cpp >&5
configure:5419: $? = 0
configure:5463: result: yes
configure:5483: checking for /home/dkennedy_umass_edu/Software/Python/anaconda3/envs/root6/bin/x86_64-conda-linux-gnu-c++ option to enable C++11 features
configure:5498: /home/dkennedy_umass_edu/Software/Python/anaconda3/envs/root6/bin/x86_64-conda-linux-gnu-c++  -c -fvisibility-inlines-hidden -std=c++17 -fmessage-length=0 -march=nocona -mtune=haswell -ftree-vectorize -fPIC -fstack-protector-strong -fno-plt -O2 -ffunction-sections -pipe -isystem /home/dkennedy_umass_edu/Software/Python/anaconda3/envs/root6/include -DNDEBUG -D_FORTIFY_SOURCE=2 -O2 -isystem /home/dkennedy_umass_edu/Software/Python/anaconda3/envs/root6/include conftest.cpp >&5
configure:5498: $? = 0
configure:5516: result: none needed
configure:5582: checking dependency style of /home/dkennedy_umass_edu/Software/Python/anaconda3/envs/root6/bin/x86_64-conda-linux-gnu-c++
configure:5694: result: gcc3
configure:5714: checking for x86_64-conda-linux-gnu-c++
configure:5735: found /home/dkennedy_umass_edu/Software/Python/anaconda3/envs/root6/bin/x86_64-conda-linux-gnu-c++
configure:5747: result: yes
configure:5760: checking whether ln -s works
configure:5764: result: yes
configure:5771: checking for a sed that does not truncate output
configure:5841: result: /usr/bin/sed
configure:5846: checking whether make sets $(MAKE)
configure:5869: result: yes
configure:5881: checking for grep that handles long lines and -e
configure:5945: result: /usr/bin/grep
configure:5953: checking for egrep
configure:6021: result: /usr/bin/grep -E
configure:6047: checking if /home/dkennedy_umass_edu/Software/Python/anaconda3/envs/root6/bin/x86_64-conda-linux-gnu-c++ supports -Woverloaded-virtual flag
configure:6062: /home/dkennedy_umass_edu/Software/Python/anaconda3/envs/root6/bin/x86_64-conda-linux-gnu-c++ -c -Woverloaded-virtual -DNDEBUG -D_FORTIFY_SOURCE=2 -O2 -isystem /home/dkennedy_umass_edu/Software/Python/anaconda3/envs/root6/include conftest.cpp >&5
configure:6062: $? = 0
configure:6076: result: yes
configure:6163: checking if /home/dkennedy_umass_edu/Software/Python/anaconda3/envs/root6/bin/x86_64-conda-linux-gnu-c++ -fvisibility-inlines-hidden -std=c++17 -fmessage-length=0 -march=nocona -mtune=haswell -ftree-vectorize -fPIC -fstack-protector-strong -fno-plt -O2 -ffunction-sections -pipe -isystem /home/dkennedy_umass_edu/Software/Python/anaconda3/envs/root6/include supports the "[[deprecated]]" keyword
configure:6177: /home/dkennedy_umass_edu/Software/Python/anaconda3/envs/root6/bin/x86_64-conda-linux-gnu-c++ -c -fvisibility-inlines-hidden -std=c++17 -fmessage-length=0 -march=nocona -mtune=haswell -ftree-vectorize -fPIC -fstack-protector-strong -fno-plt -O2 -ffunction-sections -pipe -isystem /home/dkennedy_umass_edu/Software/Python/anaconda3/envs/root6/include -Werror=attributes -DNDEBUG -D_FORTIFY_SOURCE=2 -O2 -isystem /home/dkennedy_umass_edu/Software/Python/anaconda3/envs/root6/include conftest.cpp >&5
conftest.cpp: In function 'int main()':
conftest.cpp:21:78: warning: 'void A::test()' is deprecated [-Wdeprecated-declarations]
   21 | class A{public:  [[deprecated]] void test() {}}; int main(void){ A a; a.test(); return 0;}
      |                                                                              ^
conftest.cpp:21:38: note: declared here
   21 | class A{public:  [[deprecated]] void test() {}}; int main(void){ A a; a.test(); return 0;}
      |                                      ^~~~
configure:6177: $? = 0
configure:6196: result: yes
configure:6199: checking if /home/dkennedy_umass_edu/Software/Python/anaconda3/envs/root6/bin/x86_64-conda-linux-gnu-c++ -fvisibility-inlines-hidden -std=c++17 -fmessage-length=0 -march=nocona -mtune=haswell -ftree-vectorize -fPIC -fstack-protector-strong -fno-plt -O2 -ffunction-sections -pipe -isystem /home/dkennedy_umass_edu/Software/Python/anaconda3/envs/root6/include supports the "__attribute__((deprecated))" keyword
configure:6213: /home/dkennedy_umass_edu/Software/Python/anaconda3/envs/root6/bin/x86_64-conda-linux-gnu-c++ -c -fvisibility-inlines-hidden -std=c++17 -fmessage-length=0 -march=nocona -mtune=haswell -ftree-vectorize -fPIC -fstack-protector-strong -fno-plt -O2 -ffunction-sections -pipe -isystem /home/dkennedy_umass_edu/Software/Python/anaconda3/envs/root6/include -Werror=attributes -DNDEBUG -D_FORTIFY_SOURCE=2 -O2 -isystem /home/dkennedy_umass_edu/Software/Python/anaconda3/envs/root6/include conftest.cpp >&5
conftest.cpp: In function 'int main()':
conftest.cpp:22:89: warning: 'void A::test()' is deprecated [-Wdeprecated-declarations]
   22 | class A{public: void test() __attribute__((deprecated)) {}};int main(void){ A a; a.test(); return 0;}
      |                                                                                         ^
conftest.cpp:22:22: note: declared here
   22 | class A{public: void test() __attribute__((deprecated)) {}};int main(void){ A a; a.test(); return 0;}
      |                      ^~~~
configure:6213: $? = 0
configure:6232: result: yes
configure:6235: checking if /home/dkennedy_umass_edu/Software/Python/anaconda3/envs/root6/bin/x86_64-conda-linux-gnu-c++ -fvisibility-inlines-hidden -std=c++17 -fmessage-length=0 -march=nocona -mtune=haswell -ftree-vectorize -fPIC -fstack-protector-strong -fno-plt -O2 -ffunction-sections -pipe -isystem /home/dkennedy_umass_edu/Software/Python/anaconda3/envs/root6/include supports the "override" keyword
configure:6249: /home/dkennedy_umass_edu/Software/Python/anaconda3/envs/root6/bin/x86_64-conda-linux-gnu-c++ -c -fvisibility-inlines-hidden -std=c++17 -fmessage-length=0 -march=nocona -mtune=haswell -ftree-vectorize -fPIC -fstack-protector-strong -fno-plt -O2 -ffunction-sections -pipe -isystem /home/dkennedy_umass_edu/Software/Python/anaconda3/envs/root6/include -Werror -DNDEBUG -D_FORTIFY_SOURCE=2 -O2 -isystem /home/dkennedy_umass_edu/Software/Python/anaconda3/envs/root6/include conftest.cpp >&5
configure:6249: $? = 0
configure:6268: result: yes
configure:6271: checking if /home/dkennedy_umass_edu/Software/Python/anaconda3/envs/root6/bin/x86_64-conda-linux-gnu-c++  -g  -Woverloaded-virtual  -fvisibility-inlines-hidden -std=c++17 -fmessage-length=0 -march=nocona -mtune=haswell -ftree-vectorize -fPIC -fstack-protector-strong -fno-plt -O2 -ffunction-sections -pipe -isystem /home/dkennedy_umass_edu/Software/Python/anaconda3/envs/root6/include supports the "[[deprecated]]" keyword
configure:6285: /home/dkennedy_umass_edu/Software/Python/anaconda3/envs/root6/bin/x86_64-conda-linux-gnu-c++ -c  -g  -Woverloaded-virtual  -fvisibility-inlines-hidden -std=c++17 -fmessage-length=0 -march=nocona -mtune=haswell -ftree-vectorize -fPIC -fstack-protector-strong -fno-plt -O2 -ffunction-sections -pipe -isystem /home/dkennedy_umass_edu/Software/Python/anaconda3/envs/root6/include -Werror -Wno-error=deprecated-declarations -DNDEBUG -D_FORTIFY_SOURCE=2 -O2 -isystem /home/dkennedy_umass_edu/Software/Python/anaconda3/envs/root6/include conftest.cpp >&5
conftest.cpp: In function 'int main()':
conftest.cpp:24:78: warning: 'void A::test()' is deprecated [-Wdeprecated-declarations]
   24 | class A{public:  [[deprecated]] void test() {}}; int main(void){ A a; a.test(); return 0;}
      |                                                                              ^
conftest.cpp:24:38: note: declared here
   24 | class A{public:  [[deprecated]] void test() {}}; int main(void){ A a; a.test(); return 0;}
      |                                      ^~~~
configure:6285: $? = 0
configure:6304: result: yes
configure:6307: checking if /home/dkennedy_umass_edu/Software/Python/anaconda3/envs/root6/bin/x86_64-conda-linux-gnu-c++  -g  -Woverloaded-virtual  -fvisibility-inlines-hidden -std=c++17 -fmessage-length=0 -march=nocona -mtune=haswell -ftree-vectorize -fPIC -fstack-protector-strong -fno-plt -O2 -ffunction-sections -pipe -isystem /home/dkennedy_umass_edu/Software/Python/anaconda3/envs/root6/include supports the "__attribute__((deprecated))" keyword
configure:6321: /home/dkennedy_umass_edu/Software/Python/anaconda3/envs/root6/bin/x86_64-conda-linux-gnu-c++ -c  -g  -Woverloaded-virtual  -fvisibility-inlines-hidden -std=c++17 -fmessage-length=0 -march=nocona -mtune=haswell -ftree-vectorize -fPIC -fstack-protector-strong -fno-plt -O2 -ffunction-sections -pipe -isystem /home/dkennedy_umass_edu/Software/Python/anaconda3/envs/root6/include -Werror -Wno-error=deprecated-declarations -DNDEBUG -D_FORTIFY_SOURCE=2 -O2 -isystem /home/dkennedy_umass_edu/Software/Python/anaconda3/envs/root6/include conftest.cpp >&5
conftest.cpp: In function 'int main()':
conftest.cpp:25:93: warning: 'void A::test()' is deprecated [-Wdeprecated-declarations]
   25 | class A{public: __attribute__((__deprecated__)) void test() {}};int main(void){ A a; a.test(); return 0;}
      |                                                                                             ^
conftest.cpp:25:54: note: declared here
   25 | class A{public: __attribute__((__deprecated__)) void test() {}};int main(void){ A a; a.test(); return 0;}
      |                                                      ^~~~
configure:6321: $? = 0
configure:6340: result: yes
configure:6343: checking if /home/dkennedy_umass_edu/Software/Python/anaconda3/envs/root6/bin/x86_64-conda-linux-gnu-c++  -g  -Woverloaded-virtual  -fvisibility-inlines-hidden -std=c++17 -fmessage-length=0 -march=nocona -mtune=haswell -ftree-vectorize -fPIC -fstack-protector-strong -fno-plt -O2 -ffunction-sections -pipe -isystem /home/dkennedy_umass_edu/Software/Python/anaconda3/envs/root6/include supports the "override" keyword
configure:6357: /home/dkennedy_umass_edu/Software/Python/anaconda3/envs/root6/bin/x86_64-conda-linux-gnu-c++ -c  -g  -Woverloaded-virtual  -fvisibility-inlines-hidden -std=c++17 -fmessage-length=0 -march=nocona -mtune=haswell -ftree-vectorize -fPIC -fstack-protector-strong -fno-plt -O2 -ffunction-sections -pipe -isystem /home/dkennedy_umass_edu/Software/Python/anaconda3/envs/root6/include -Werror -DNDEBUG -D_FORTIFY_SOURCE=2 -O2 -isystem /home/dkennedy_umass_edu/Software/Python/anaconda3/envs/root6/include conftest.cpp >&5
configure:6357: $? = 0
configure:6376: result: yes
configure:6379: checking if /home/dkennedy_umass_edu/Software/Python/anaconda3/envs/root6/bin/x86_64-conda-linux-gnu-c++  -g  -Woverloaded-virtual  -fvisibility-inlines-hidden -std=c++17 -fmessage-length=0 -march=nocona -mtune=haswell -ftree-vectorize -fPIC -fstack-protector-strong -fno-plt -O2 -ffunction-sections -pipe -isystem /home/dkennedy_umass_edu/Software/Python/anaconda3/envs/root6/include supports the "explicit" keyword for operators
configure:6393: /home/dkennedy_umass_edu/Software/Python/anaconda3/envs/root6/bin/x86_64-conda-linux-gnu-c++ -c  -g  -Woverloaded-virtual  -fvisibility-inlines-hidden -std=c++17 -fmessage-length=0 -march=nocona -mtune=haswell -ftree-vectorize -fPIC -fstack-protector-strong -fno-plt -O2 -ffunction-sections -pipe -isystem /home/dkennedy_umass_edu/Software/Python/anaconda3/envs/root6/include -Werror -DNDEBUG -D_FORTIFY_SOURCE=2 -O2 -isystem /home/dkennedy_umass_edu/Software/Python/anaconda3/envs/root6/include conftest.cpp >&5
configure:6393: $? = 0
configure:6412: result: yes
configure:6451: checking for execinfo.h
configure:6451: /home/dkennedy_umass_edu/Software/Python/anaconda3/envs/root6/bin/x86_64-conda-linux-gnu-cc -c -march=nocona -mtune=haswell -ftree-vectorize -fPIC -fstack-protector-strong -fno-plt -O2 -ffunction-sections -pipe -isystem /home/dkennedy_umass_edu/Software/Python/anaconda3/envs/root6/include -DNDEBUG -D_FORTIFY_SOURCE=2 -O2 -isystem /home/dkennedy_umass_edu/Software/Python/anaconda3/envs/root6/include conftest.c >&5
configure:6451: $? = 0
configure:6451: result: yes
configure:6459: checking for cos in -lm
configure:6482: /home/dkennedy_umass_edu/Software/Python/anaconda3/envs/root6/bin/x86_64-conda-linux-gnu-cc -o conftest -march=nocona -mtune=haswell -ftree-vectorize -fPIC -fstack-protector-strong -fno-plt -O2 -ffunction-sections -pipe -isystem /home/dkennedy_umass_edu/Software/Python/anaconda3/envs/root6/include -DNDEBUG -D_FORTIFY_SOURCE=2 -O2 -isystem /home/dkennedy_umass_edu/Software/Python/anaconda3/envs/root6/include -Wl,-O2 -Wl,--sort-common -Wl,--as-needed -Wl,-z,relro -Wl,-z,now -Wl,--disable-new-dtags -Wl,--gc-sections -Wl,--allow-shlib-undefined -Wl,-rpath,/home/dkennedy_umass_edu/Software/Python/anaconda3/envs/root6/lib -Wl,-rpath-link,/home/dkennedy_umass_edu/Software/Python/anaconda3/envs/root6/lib -L/home/dkennedy_umass_edu/Software/Python/anaconda3/envs/root6/lib conftest.c -lm   >&5
conftest.c:33:6: warning: conflicting types for built-in function 'cos'; expected 'double(double)' [-Wbuiltin-declaration-mismatch]
   33 | char cos ();
      |      ^~~
conftest.c:1:1: note: 'cos' is declared in header '<math.h>'
    1 | /* confdefs.h */
configure:6482: $? = 0
configure:6492: result: yes
configure:7045: checking if /home/dkennedy_umass_edu/Software/Python/anaconda3/envs/root6/bin/x86_64-conda-linux-gnu-c++ supports -Wl,--enable-new-dtags flag
configure:7059: /home/dkennedy_umass_edu/Software/Python/anaconda3/envs/root6/bin/x86_64-conda-linux-gnu-c++ -o conftest -Werror -Wl,--enable-new-dtags -DNDEBUG -D_FORTIFY_SOURCE=2 -O2 -isystem /home/dkennedy_umass_edu/Software/Python/anaconda3/envs/root6/include -Wl,-O2 -Wl,--sort-common -Wl,--as-needed -Wl,-z,relro -Wl,-z,now -Wl,--disable-new-dtags -Wl,--gc-sections -Wl,--allow-shlib-undefined -Wl,-rpath,/home/dkennedy_umass_edu/Software/Python/anaconda3/envs/root6/lib -Wl,-rpath-link,/home/dkennedy_umass_edu/Software/Python/anaconda3/envs/root6/lib -L/home/dkennedy_umass_edu/Software/Python/anaconda3/envs/root6/lib conftest.cpp -lm  >&5
configure:7059: $? = 0
configure:7074: result: yes
configure:7236: checking whether to build all plugins
configure:7274: result: not set
configure:7278: checking whether to build all CXX plugins
configure:7314: result: not set
configure:7346: checking whether to build plugin SISCone
configure:7385: result: yes
configure:7394: checking whether to build plugin CDFCones
configure:7432: result: yes
configure:7439: checking whether to build plugin PxCone
configure:7477: result: no
configure:7482: checking whether to build plugin D0RunIICone
configure:7520: result: no
configure:7525: checking whether to build plugin NestedDefs
configure:7563: result: yes
configure:7568: checking whether to build plugin TrackJet
configure:7606: result: no
configure:7611: checking whether to build plugin ATLASCone
configure:7649: result: no
configure:7654: checking whether to build plugin CMSIterativeCone
configure:7692: result: no
configure:7697: checking whether to build plugin EECambridge
configure:7735: result: yes
configure:7740: checking whether to build plugin Jade
configure:7778: result: yes
configure:7783: checking whether to build plugin D0RunICone
configure:7821: result: no
configure:7826: checking whether to build plugin GridJet
configure:7864: result: yes
configure:7901: checking build system type
configure:7916: result: x86_64-conda-linux-gnu
configure:7936: checking host system type
configure:7950: result: x86_64-conda-linux-gnu
configure:7991: checking how to print strings
configure:8018: result: printf
configure:8039: checking for a sed that does not truncate output
configure:8109: result: /usr/bin/sed
configure:8127: checking for fgrep
configure:8195: result: /usr/bin/grep -F
configure:8231: checking for ld used by /home/dkennedy_umass_edu/Software/Python/anaconda3/envs/root6/bin/x86_64-conda-linux-gnu-cc
configure:8299: result: /home/dkennedy_umass_edu/Software/Python/anaconda3/envs/root6/bin/x86_64-conda-linux-gnu-ld
configure:8306: checking if the linker (/home/dkennedy_umass_edu/Software/Python/anaconda3/envs/root6/bin/x86_64-conda-linux-gnu-ld) is GNU ld
configure:8322: result: yes
configure:8334: checking for BSD- or MS-compatible name lister (nm)
configure:8389: result: /home/dkennedy_umass_edu/Software/Python/anaconda3/envs/root6/bin/x86_64-conda-linux-gnu-nm
configure:8529: checking the name lister (/home/dkennedy_umass_edu/Software/Python/anaconda3/envs/root6/bin/x86_64-conda-linux-gnu-nm) interface
configure:8537: /home/dkennedy_umass_edu/Software/Python/anaconda3/envs/root6/bin/x86_64-conda-linux-gnu-cc -c -march=nocona -mtune=haswell -ftree-vectorize -fPIC -fstack-protector-strong -fno-plt -O2 -ffunction-sections -pipe -isystem /home/dkennedy_umass_edu/Software/Python/anaconda3/envs/root6/include -DNDEBUG -D_FORTIFY_SOURCE=2 -O2 -isystem /home/dkennedy_umass_edu/Software/Python/anaconda3/envs/root6/include conftest.c >&5
configure:8540: /home/dkennedy_umass_edu/Software/Python/anaconda3/envs/root6/bin/x86_64-conda-linux-gnu-nm "conftest.o"
configure:8543: output
0000000000000000 B some_variable
configure:8544: result: BSD nm
configure:8548: checking the maximum length of command line arguments
configure:8680: result: 1572864
configure:8728: checking how to convert x86_64-conda-linux-gnu file names to x86_64-conda-linux-gnu format
configure:8769: result: func_convert_file_noop
configure:8776: checking how to convert x86_64-conda-linux-gnu file names to toolchain format
configure:8797: result: func_convert_file_noop
configure:8804: checking for /home/dkennedy_umass_edu/Software/Python/anaconda3/envs/root6/bin/x86_64-conda-linux-gnu-ld option to reload object files
configure:8812: result: -r
configure:8846: checking for x86_64-conda-linux-gnu-file
configure:8881: result: no
configure:8891: checking for file
configure:8912: found /usr/bin/file
configure:8923: result: file
configure:8954: checking for x86_64-conda-linux-gnu-objdump
configure:8986: result: /home/dkennedy_umass_edu/Software/Python/anaconda3/envs/root6/bin/x86_64-conda-linux-gnu-objdump
configure:9063: checking how to recognize dependent libraries
configure:9264: result: pass_all
configure:9309: checking for x86_64-conda-linux-gnu-dlltool
configure:9344: result: no
configure:9354: checking for dlltool
configure:9389: result: no
configure:9419: checking how to associate runtime and link libraries
configure:9447: result: printf %s\n
configure:9463: checking for x86_64-conda-linux-gnu-ar
configure:9495: result: /home/dkennedy_umass_edu/Software/Python/anaconda3/envs/root6/bin/x86_64-conda-linux-gnu-ar
configure:9597: checking for archiver @FILE support
configure:9615: /home/dkennedy_umass_edu/Software/Python/anaconda3/envs/root6/bin/x86_64-conda-linux-gnu-cc -c -march=nocona -mtune=haswell -ftree-vectorize -fPIC -fstack-protector-strong -fno-plt -O2 -ffunction-sections -pipe -isystem /home/dkennedy_umass_edu/Software/Python/anaconda3/envs/root6/include -DNDEBUG -D_FORTIFY_SOURCE=2 -O2 -isystem /home/dkennedy_umass_edu/Software/Python/anaconda3/envs/root6/include conftest.c >&5
configure:9615: $? = 0
configure:9619: /home/dkennedy_umass_edu/Software/Python/anaconda3/envs/root6/bin/x86_64-conda-linux-gnu-ar cr libconftest.a @conftest.lst >&5
configure:9622: $? = 0
configure:9627: /home/dkennedy_umass_edu/Software/Python/anaconda3/envs/root6/bin/x86_64-conda-linux-gnu-ar cr libconftest.a @conftest.lst >&5
/home/dkennedy_umass_edu/Software/Python/anaconda3/envs/root6/bin/x86_64-conda-linux-gnu-ar: conftest.o: No such file or directory
configure:9630: $? = 1
configure:9629: result: @
configure:9647: checking for x86_64-conda-linux-gnu-strip
configure:9679: result: /home/dkennedy_umass_edu/Software/Python/anaconda3/envs/root6/bin/x86_64-conda-linux-gnu-strip
configure:9756: checking for x86_64-conda-linux-gnu-ranlib
configure:9788: result: /home/dkennedy_umass_edu/Software/Python/anaconda3/envs/root6/bin/x86_64-conda-linux-gnu-ranlib
configure:9935: checking command to parse /home/dkennedy_umass_edu/Software/Python/anaconda3/envs/root6/bin/x86_64-conda-linux-gnu-nm output from /home/dkennedy_umass_edu/Software/Python/anaconda3/envs/root6/bin/x86_64-conda-linux-gnu-cc object
configure:10089: /home/dkennedy_umass_edu/Software/Python/anaconda3/envs/root6/bin/x86_64-conda-linux-gnu-cc -c -march=nocona -mtune=haswell -ftree-vectorize -fPIC -fstack-protector-strong -fno-plt -O2 -ffunction-sections -pipe -isystem /home/dkennedy_umass_edu/Software/Python/anaconda3/envs/root6/include -DNDEBUG -D_FORTIFY_SOURCE=2 -O2 -isystem /home/dkennedy_umass_edu/Software/Python/anaconda3/envs/root6/include conftest.c >&5
configure:10092: $? = 0
configure:10096: /home/dkennedy_umass_edu/Software/Python/anaconda3/envs/root6/bin/x86_64-conda-linux-gnu-nm conftest.o | /usr/bin/sed -n -e 's/^.*[	 ]\([ABCDGIRSTW][ABCDGIRSTW]*\)[	 ][	 ]*\([_A-Za-z][_A-Za-z0-9]*\)$/\1 \2 \2/p' | /usr/bin/sed '/ __gnu_lto/d' > conftest.nm
configure:10162: /home/dkennedy_umass_edu/Software/Python/anaconda3/envs/root6/bin/x86_64-conda-linux-gnu-cc -o conftest -march=nocona -mtune=haswell -ftree-vectorize -fPIC -fstack-protector-strong -fno-plt -O2 -ffunction-sections -pipe -isystem /home/dkennedy_umass_edu/Software/Python/anaconda3/envs/root6/include -DNDEBUG -D_FORTIFY_SOURCE=2 -O2 -isystem /home/dkennedy_umass_edu/Software/Python/anaconda3/envs/root6/include -Wl,-O2 -Wl,--sort-common -Wl,--as-needed -Wl,-z,relro -Wl,-z,now -Wl,--disable-new-dtags -Wl,--gc-sections -Wl,--allow-shlib-undefined -Wl,-rpath,/home/dkennedy_umass_edu/Software/Python/anaconda3/envs/root6/lib -Wl,-rpath-link,/home/dkennedy_umass_edu/Software/Python/anaconda3/envs/root6/lib -L/home/dkennedy_umass_edu/Software/Python/anaconda3/envs/root6/lib conftest.c conftstm.o >&5
configure:10165: $? = 0
configure:10203: result: ok
configure:10250: checking for sysroot
configure:10281: result: no
configure:10288: checking for a working dd
configure:10332: result: /usr/bin/dd
configure:10336: checking how to truncate binary pipes
configure:10352: result: /usr/bin/dd bs=4096 count=1
configure:10489: /home/dkennedy_umass_edu/Software/Python/anaconda3/envs/root6/bin/x86_64-conda-linux-gnu-cc -c -march=nocona -mtune=haswell -ftree-vectorize -fPIC -fstack-protector-strong -fno-plt -O2 -ffunction-sections -pipe -isystem /home/dkennedy_umass_edu/Software/Python/anaconda3/envs/root6/include -DNDEBUG -D_FORTIFY_SOURCE=2 -O2 -isystem /home/dkennedy_umass_edu/Software/Python/anaconda3/envs/root6/include conftest.c >&5
configure:10492: $? = 0
configure:10644: checking for x86_64-conda-linux-gnu-mt
configure:10679: result: no
configure:10689: checking for mt
configure:10710: found /usr/bin/mt
configure:10721: result: mt
configure:10744: checking if mt is a manifest tool
configure:10751: mt '-?'
configure:10759: result: no
configure:11480: checking for dlfcn.h
configure:11480: /home/dkennedy_umass_edu/Software/Python/anaconda3/envs/root6/bin/x86_64-conda-linux-gnu-cc -c -march=nocona -mtune=haswell -ftree-vectorize -fPIC -fstack-protector-strong -fno-plt -O2 -ffunction-sections -pipe -isystem /home/dkennedy_umass_edu/Software/Python/anaconda3/envs/root6/include -DNDEBUG -D_FORTIFY_SOURCE=2 -O2 -isystem /home/dkennedy_umass_edu/Software/Python/anaconda3/envs/root6/include conftest.c >&5
configure:11480: $? = 0
configure:11480: result: yes
configure:11718: checking for objdir
configure:11734: result: .libs
configure:11998: checking if /home/dkennedy_umass_edu/Software/Python/anaconda3/envs/root6/bin/x86_64-conda-linux-gnu-cc supports -fno-rtti -fno-exceptions
configure:12017: /home/dkennedy_umass_edu/Software/Python/anaconda3/envs/root6/bin/x86_64-conda-linux-gnu-cc -c -march=nocona -mtune=haswell -ftree-vectorize -fPIC -fstack-protector-strong -fno-plt -O2 -ffunction-sections -pipe -isystem /home/dkennedy_umass_edu/Software/Python/anaconda3/envs/root6/include -DNDEBUG -D_FORTIFY_SOURCE=2 -O2 -isystem /home/dkennedy_umass_edu/Software/Python/anaconda3/envs/root6/include -fno-rtti -fno-exceptions conftest.c >&5
cc1: warning: command-line option '-fno-rtti' is valid for C++/D/ObjC++ but not for C
configure:12021: $? = 0
configure:12034: result: no
configure:12398: checking for /home/dkennedy_umass_edu/Software/Python/anaconda3/envs/root6/bin/x86_64-conda-linux-gnu-cc option to produce PIC
configure:12406: result: -fPIC -DPIC
configure:12414: checking if /home/dkennedy_umass_edu/Software/Python/anaconda3/envs/root6/bin/x86_64-conda-linux-gnu-cc PIC flag -fPIC -DPIC works
configure:12433: /home/dkennedy_umass_edu/Software/Python/anaconda3/envs/root6/bin/x86_64-conda-linux-gnu-cc -c -march=nocona -mtune=haswell -ftree-vectorize -fPIC -fstack-protector-strong -fno-plt -O2 -ffunction-sections -pipe -isystem /home/dkennedy_umass_edu/Software/Python/anaconda3/envs/root6/include -DNDEBUG -D_FORTIFY_SOURCE=2 -O2 -isystem /home/dkennedy_umass_edu/Software/Python/anaconda3/envs/root6/include -fPIC -DPIC -DPIC conftest.c >&5
configure:12437: $? = 0
configure:12450: result: yes
configure:12479: checking if /home/dkennedy_umass_edu/Software/Python/anaconda3/envs/root6/bin/x86_64-conda-linux-gnu-cc static flag -static works
configure:12508: result: yes
configure:12523: checking if /home/dkennedy_umass_edu/Software/Python/anaconda3/envs/root6/bin/x86_64-conda-linux-gnu-cc supports -c -o file.o
configure:12545: /home/dkennedy_umass_edu/Software/Python/anaconda3/envs/root6/bin/x86_64-conda-linux-gnu-cc -c -march=nocona -mtune=haswell -ftree-vectorize -fPIC -fstack-protector-strong -fno-plt -O2 -ffunction-sections -pipe -isystem /home/dkennedy_umass_edu/Software/Python/anaconda3/envs/root6/include -DNDEBUG -D_FORTIFY_SOURCE=2 -O2 -isystem /home/dkennedy_umass_edu/Software/Python/anaconda3/envs/root6/include -o out/conftest2.o conftest.c >&5
configure:12549: $? = 0
configure:12571: result: yes
configure:12579: checking if /home/dkennedy_umass_edu/Software/Python/anaconda3/envs/root6/bin/x86_64-conda-linux-gnu-cc supports -c -o file.o
configure:12627: result: yes
configure:12660: checking whether the /home/dkennedy_umass_edu/Software/Python/anaconda3/envs/root6/bin/x86_64-conda-linux-gnu-cc linker (/home/dkennedy_umass_edu/Software/Python/anaconda3/envs/root6/bin/x86_64-conda-linux-gnu-ld -m elf_x86_64) supports shared libraries
configure:13934: result: yes
configure:13971: checking whether -lc should be explicitly linked in
configure:13980: /home/dkennedy_umass_edu/Software/Python/anaconda3/envs/root6/bin/x86_64-conda-linux-gnu-cc -c -march=nocona -mtune=haswell -ftree-vectorize -fPIC -fstack-protector-strong -fno-plt -O2 -ffunction-sections -pipe -isystem /home/dkennedy_umass_edu/Software/Python/anaconda3/envs/root6/include -DNDEBUG -D_FORTIFY_SOURCE=2 -O2 -isystem /home/dkennedy_umass_edu/Software/Python/anaconda3/envs/root6/include conftest.c >&5
configure:13983: $? = 0
configure:13998: /home/dkennedy_umass_edu/Software/Python/anaconda3/envs/root6/bin/x86_64-conda-linux-gnu-cc -shared  -fPIC -DPIC conftest.o  -v -Wl,-soname -Wl,conftest -o conftest 2\>\&1 \| /usr/bin/grep  -lc  \>/dev/null 2\>\&1
configure:14001: $? = 0
configure:14015: result: no
configure:14175: checking dynamic linker characteristics
configure:14757: /home/dkennedy_umass_edu/Software/Python/anaconda3/envs/root6/bin/x86_64-conda-linux-gnu-cc -o conftest -march=nocona -mtune=haswell -ftree-vectorize -fPIC -fstack-protector-strong -fno-plt -O2 -ffunction-sections -pipe -isystem /home/dkennedy_umass_edu/Software/Python/anaconda3/envs/root6/include -DNDEBUG -D_FORTIFY_SOURCE=2 -O2 -isystem /home/dkennedy_umass_edu/Software/Python/anaconda3/envs/root6/include -Wl,-O2 -Wl,--sort-common -Wl,--as-needed -Wl,-z,relro -Wl,-z,now -Wl,--disable-new-dtags -Wl,--gc-sections -Wl,--allow-shlib-undefined -Wl,-rpath,/home/dkennedy_umass_edu/Software/Python/anaconda3/envs/root6/lib -Wl,-rpath-link,/home/dkennedy_umass_edu/Software/Python/anaconda3/envs/root6/lib -L/home/dkennedy_umass_edu/Software/Python/anaconda3/envs/root6/lib -Wl,-rpath -Wl,/foo conftest.c -lm  >&5
configure:14757: $? = 0
configure:15008: result: GNU/Linux ld.so
configure:15130: checking how to hardcode library paths into programs
configure:15155: result: immediate
configure:15707: checking whether stripping libraries is possible
configure:15716: result: yes
configure:15758: checking if libtool supports shared libraries
configure:15760: result: yes
configure:15763: checking whether to build shared libraries
configure:15788: result: yes
configure:15791: checking whether to build static libraries
configure:15795: result: yes
configure:12563: checking how to run the C++ preprocessor
configure:12585: /home/dkennedy_umass_edu/Software/Python/anaconda3/envs/root6/bin/x86_64-conda-linux-gnu-c++ -E -DNDEBUG -D_FORTIFY_SOURCE=2 -O2 -isystem /home/dkennedy_umass_edu/Software/Python/anaconda3/envs/root6/include conftest.cpp
configure:12585: $? = 0
configure:12600: /home/dkennedy_umass_edu/Software/Python/anaconda3/envs/root6/bin/x86_64-conda-linux-gnu-c++ -E -DNDEBUG -D_FORTIFY_SOURCE=2 -O2 -isystem /home/dkennedy_umass_edu/Software/Python/anaconda3/envs/root6/include conftest.cpp
conftest.cpp:38:10: fatal error: ac_nonexistent.h: No such file or directory
   38 | #include <ac_nonexistent.h>
      |          ^~~~~~~~~~~~~~~~~~
compilation terminated.
configure:12600: $? = 1
configure: failed program was:
| /* confdefs.h */
| #define PACKAGE_NAME "FastJet"
| #define PACKAGE_TARNAME "fastjet"
| #define PACKAGE_VERSION "3.4.2"
| #define PACKAGE_STRING "FastJet 3.4.2"
| #define PACKAGE_BUGREPORT ""
| #define PACKAGE_URL ""
| #define PACKAGE "fastjet"
| #define VERSION "3.4.2"
| #define HAVE_STDIO_H 1
| #define HAVE_STDLIB_H 1
| #define HAVE_STRING_H 1
| #define HAVE_INTTYPES_H 1
| #define HAVE_STDINT_H 1
| #define HAVE_STRINGS_H 1
| #define HAVE_SYS_STAT_H 1
| #define HAVE_SYS_TYPES_H 1
| #define HAVE_UNISTD_H 1
| #define STDC_HEADERS 1
| #define HAVE_CXX14_DEPRECATED /**/
| #define HAVE_GNUCXX_DEPRECATED /**/
| #define HAVE_OVERRIDE /**/
| #define HAVE_CXX14_DEPRECATED /**/
| #define HAVE_GNUCXX_DEPRECATED /**/
| #define HAVE_OVERRIDE /**/
| #define HAVE_EXPLICIT_FOR_OPERATORS /**/
| #define HAVE_EXECINFO_H 1
| #define HAVE_LIBM 1
| #define ENABLE_PLUGIN_SISCONE /**/
| #define ENABLE_PLUGIN_CDFCONES /**/
| #define ENABLE_PLUGIN_NESTEDDEFS /**/
| #define ENABLE_PLUGIN_EECAMBRIDGE /**/
| #define ENABLE_PLUGIN_JADE /**/
| #define ENABLE_PLUGIN_GRIDJET /**/
| #define HAVE_DLFCN_H 1
| #define LT_OBJDIR ".libs/"
| /* end confdefs.h.  */
| #include <ac_nonexistent.h>
configure:12627: result: /home/dkennedy_umass_edu/Software/Python/anaconda3/envs/root6/bin/x86_64-conda-linux-gnu-c++ -E
configure:12641: /home/dkennedy_umass_edu/Software/Python/anaconda3/envs/root6/bin/x86_64-conda-linux-gnu-c++ -E -DNDEBUG -D_FORTIFY_SOURCE=2 -O2 -isystem /home/dkennedy_umass_edu/Software/Python/anaconda3/envs/root6/include conftest.cpp
configure:12641: $? = 0
configure:12656: /home/dkennedy_umass_edu/Software/Python/anaconda3/envs/root6/bin/x86_64-conda-linux-gnu-c++ -E -DNDEBUG -D_FORTIFY_SOURCE=2 -O2 -isystem /home/dkennedy_umass_edu/Software/Python/anaconda3/envs/root6/include conftest.cpp
conftest.cpp:38:10: fatal error: ac_nonexistent.h: No such file or directory
   38 | #include <ac_nonexistent.h>
      |          ^~~~~~~~~~~~~~~~~~
compilation terminated.
configure:12656: $? = 1
configure: failed program was:
| /* confdefs.h */
| #define PACKAGE_NAME "FastJet"
| #define PACKAGE_TARNAME "fastjet"
| #define PACKAGE_VERSION "3.4.2"
| #define PACKAGE_STRING "FastJet 3.4.2"
| #define PACKAGE_BUGREPORT ""
| #define PACKAGE_URL ""
| #define PACKAGE "fastjet"
| #define VERSION "3.4.2"
| #define HAVE_STDIO_H 1
| #define HAVE_STDLIB_H 1
| #define HAVE_STRING_H 1
| #define HAVE_INTTYPES_H 1
| #define HAVE_STDINT_H 1
| #define HAVE_STRINGS_H 1
| #define HAVE_SYS_STAT_H 1
| #define HAVE_SYS_TYPES_H 1
| #define HAVE_UNISTD_H 1
| #define STDC_HEADERS 1
| #define HAVE_CXX14_DEPRECATED /**/
| #define HAVE_GNUCXX_DEPRECATED /**/
| #define HAVE_OVERRIDE /**/
| #define HAVE_CXX14_DEPRECATED /**/
| #define HAVE_GNUCXX_DEPRECATED /**/
| #define HAVE_OVERRIDE /**/
| #define HAVE_EXPLICIT_FOR_OPERATORS /**/
| #define HAVE_EXECINFO_H 1
| #define HAVE_LIBM 1
| #define ENABLE_PLUGIN_SISCONE /**/
| #define ENABLE_PLUGIN_CDFCONES /**/
| #define ENABLE_PLUGIN_NESTEDDEFS /**/
| #define ENABLE_PLUGIN_EECAMBRIDGE /**/
| #define ENABLE_PLUGIN_JADE /**/
| #define ENABLE_PLUGIN_GRIDJET /**/
| #define HAVE_DLFCN_H 1
| #define LT_OBJDIR ".libs/"
| /* end confdefs.h.  */
| #include <ac_nonexistent.h>
configure:12821: checking for ld used by /home/dkennedy_umass_edu/Software/Python/anaconda3/envs/root6/bin/x86_64-conda-linux-gnu-c++
configure:12889: result: /home/dkennedy_umass_edu/Software/Python/anaconda3/envs/root6/bin/x86_64-conda-linux-gnu-ld -m elf_x86_64
configure:12896: checking if the linker (/home/dkennedy_umass_edu/Software/Python/anaconda3/envs/root6/bin/x86_64-conda-linux-gnu-ld -m elf_x86_64) is GNU ld
configure:12912: result: yes
configure:12967: checking whether the /home/dkennedy_umass_edu/Software/Python/anaconda3/envs/root6/bin/x86_64-conda-linux-gnu-c++ linker (/home/dkennedy_umass_edu/Software/Python/anaconda3/envs/root6/bin/x86_64-conda-linux-gnu-ld -m elf_x86_64) supports shared libraries
configure:14045: result: yes
configure:14081: /home/dkennedy_umass_edu/Software/Python/anaconda3/envs/root6/bin/x86_64-conda-linux-gnu-c++ -c -fvisibility-inlines-hidden -std=c++17 -fmessage-length=0 -march=nocona -mtune=haswell -ftree-vectorize -fPIC -fstack-protector-strong -fno-plt -O2 -ffunction-sections -pipe -isystem /home/dkennedy_umass_edu/Software/Python/anaconda3/envs/root6/include -DNDEBUG -D_FORTIFY_SOURCE=2 -O2 -isystem /home/dkennedy_umass_edu/Software/Python/anaconda3/envs/root6/include conftest.cpp >&5
configure:14084: $? = 0
configure:14565: checking for /home/dkennedy_umass_edu/Software/Python/anaconda3/envs/root6/bin/x86_64-conda-linux-gnu-c++ option to produce PIC
configure:14573: result: -fPIC -DPIC
configure:14581: checking if /home/dkennedy_umass_edu/Software/Python/anaconda3/envs/root6/bin/x86_64-conda-linux-gnu-c++ PIC flag -fPIC -DPIC works
configure:14600: /home/dkennedy_umass_edu/Software/Python/anaconda3/envs/root6/bin/x86_64-conda-linux-gnu-c++ -c -fvisibility-inlines-hidden -std=c++17 -fmessage-length=0 -march=nocona -mtune=haswell -ftree-vectorize -fPIC -fstack-protector-strong -fno-plt -O2 -ffunction-sections -pipe -isystem /home/dkennedy_umass_edu/Software/Python/anaconda3/envs/root6/include -DNDEBUG -D_FORTIFY_SOURCE=2 -O2 -isystem /home/dkennedy_umass_edu/Software/Python/anaconda3/envs/root6/include -fPIC -DPIC -DPIC conftest.cpp >&5
configure:14604: $? = 0
configure:14617: result: yes
configure:14640: checking if /home/dkennedy_umass_edu/Software/Python/anaconda3/envs/root6/bin/x86_64-conda-linux-gnu-c++ static flag -static works
configure:14669: result: yes
configure:14681: checking if /home/dkennedy_umass_edu/Software/Python/anaconda3/envs/root6/bin/x86_64-conda-linux-gnu-c++ supports -c -o file.o
configure:14703: /home/dkennedy_umass_edu/Software/Python/anaconda3/envs/root6/bin/x86_64-conda-linux-gnu-c++ -c -fvisibility-inlines-hidden -std=c++17 -fmessage-length=0 -march=nocona -mtune=haswell -ftree-vectorize -fPIC -fstack-protector-strong -fno-plt -O2 -ffunction-sections -pipe -isystem /home/dkennedy_umass_edu/Software/Python/anaconda3/envs/root6/include -DNDEBUG -D_FORTIFY_SOURCE=2 -O2 -isystem /home/dkennedy_umass_edu/Software/Python/anaconda3/envs/root6/include -o out/conftest2.o conftest.cpp >&5
configure:14707: $? = 0
configure:14729: result: yes
configure:14734: checking if /home/dkennedy_umass_edu/Software/Python/anaconda3/envs/root6/bin/x86_64-conda-linux-gnu-c++ supports -c -o file.o
configure:14782: result: yes
configure:14812: checking whether the /home/dkennedy_umass_edu/Software/Python/anaconda3/envs/root6/bin/x86_64-conda-linux-gnu-c++ linker (/home/dkennedy_umass_edu/Software/Python/anaconda3/envs/root6/bin/x86_64-conda-linux-gnu-ld -m elf_x86_64) supports shared libraries
configure:14855: result: yes
configure:14997: checking dynamic linker characteristics
configure:15757: result: GNU/Linux ld.so
configure:15822: checking how to hardcode library paths into programs
configure:15847: result: immediate
configure:18565: checking whether to build the python interface
configure:18575: result: no
configure:19361: checking that generated files are newer than configure
configure:19367: result: done
configure:19454: creating ./config.status

## ---------------------- ##
## Running config.status. ##
## ---------------------- ##

This file was extended by FastJet config.status 3.4.2, which was
generated by GNU Autoconf 2.71.  Invocation command line was

  CONFIG_FILES    = 
  CONFIG_HEADERS  = 
  CONFIG_LINKS    = 
  CONFIG_COMMANDS = 
  $ ./config.status 

on login1

config.status:1343: creating plugins/Makefile
config.status:1343: creating plugins/SISCone/Makefile
config.status:1343: creating plugins/SISCone/fastjet/Makefile
config.status:1343: creating plugins/CDFCones/Makefile
config.status:1343: creating plugins/CDFCones/fastjet/Makefile
config.status:1343: creating plugins/CDFCones/CDFcode/Makefile
config.status:1343: creating plugins/PxCone/Makefile
config.status:1343: creating plugins/PxCone/fastjet/Makefile
config.status:1343: creating plugins/D0RunIICone/Makefile
config.status:1343: creating plugins/D0RunIICone/fastjet/Makefile
config.status:1343: creating plugins/NestedDefs/Makefile
config.status:1343: creating plugins/NestedDefs/fastjet/Makefile
config.status:1343: creating plugins/TrackJet/Makefile
config.status:1343: creating plugins/TrackJet/fastjet/Makefile
config.status:1343: creating plugins/ATLASCone/Makefile
config.status:1343: creating plugins/ATLASCone/fastjet/Makefile
config.status:1343: creating plugins/CMSIterativeCone/Makefile
config.status:1343: creating plugins/CMSIterativeCone/fastjet/Makefile
config.status:1343: creating plugins/EECambridge/Makefile
config.status:1343: creating plugins/EECambridge/fastjet/Makefile
config.status:1343: creating plugins/Jade/Makefile
config.status:1343: creating plugins/Jade/fastjet/Makefile
config.status:1343: creating plugins/D0RunICone/Makefile
config.status:1343: creating plugins/D0RunICone/fastjet/Makefile
config.status:1343: creating plugins/GridJet/Makefile
config.status:1343: creating plugins/GridJet/fastjet/Makefile
config.status:1343: creating tools/Makefile
config.status:1343: creating tools/fastjet/Makefile
config.status:1343: creating tools/fastjet/tools/Makefile
config.status:1343: creating example/Makefile
config.status:1343: creating example/python/Makefile
config.status:1343: creating example/data/Makefile
config.status:1343: creating example/root/Makefile
config.status:1343: creating doc/Makefile
config.status:1343: creating doc/figs/Makefile
config.status:1343: creating fastjet-config
config.status:1343: creating fortran_wrapper/Makefile
config.status:1343: creating pyinterface/Makefile
config.status:1343: creating Makefile
config.status:1343: creating src/Makefile
config.status:1343: creating include/Makefile
config.status:1343: creating include/fastjet/Makefile
config.status:1343: creating include/fastjet/internal/Makefile
config.status:1343: creating include/fastjet/config_raw.h
config.status:1572: executing include/fastjet/config_auto.h commands
config.status:1610: creating include/fastjet/config_auto.h - prefix FASTJET for include/fastjet/config_raw.h defines
config.status:1572: executing depfiles commands
config.status:1739: cd plugins       && sed -e '/# am--include-marker/d' Makefile         | make -f - am--depfiles
config.status:1744: $? = 0
config.status:1739: cd plugins/SISCone       && sed -e '/# am--include-marker/d' Makefile         | make -f - am--depfiles
config.status:1744: $? = 0
config.status:1739: cd plugins/CDFCones       && sed -e '/# am--include-marker/d' Makefile         | make -f - am--depfiles
config.status:1744: $? = 0
config.status:1739: cd plugins/CDFCones/CDFcode       && sed -e '/# am--include-marker/d' Makefile         | make -f - am--depfiles
config.status:1744: $? = 0
config.status:1739: cd plugins/PxCone       && sed -e '/# am--include-marker/d' Makefile         | make -f - am--depfiles
config.status:1744: $? = 0
config.status:1739: cd plugins/D0RunIICone       && sed -e '/# am--include-marker/d' Makefile         | make -f - am--depfiles
config.status:1744: $? = 0
config.status:1739: cd plugins/NestedDefs       && sed -e '/# am--include-marker/d' Makefile         | make -f - am--depfiles
config.status:1744: $? = 0
config.status:1739: cd plugins/TrackJet       && sed -e '/# am--include-marker/d' Makefile         | make -f - am--depfiles
config.status:1744: $? = 0
config.status:1739: cd plugins/ATLASCone       && sed -e '/# am--include-marker/d' Makefile         | make -f - am--depfiles
config.status:1744: $? = 0
config.status:1739: cd plugins/CMSIterativeCone       && sed -e '/# am--include-marker/d' Makefile         | make -f - am--depfiles
config.status:1744: $? = 0
config.status:1739: cd plugins/EECambridge       && sed -e '/# am--include-marker/d' Makefile         | make -f - am--depfiles
config.status:1744: $? = 0
config.status:1739: cd plugins/Jade       && sed -e '/# am--include-marker/d' Makefile         | make -f - am--depfiles
config.status:1744: $? = 0
config.status:1739: cd plugins/D0RunICone       && sed -e '/# am--include-marker/d' Makefile         | make -f - am--depfiles
config.status:1744: $? = 0
config.status:1739: cd plugins/GridJet       && sed -e '/# am--include-marker/d' Makefile         | make -f - am--depfiles
config.status:1744: $? = 0
config.status:1739: cd tools       && sed -e '/# am--include-marker/d' Makefile         | make -f - am--depfiles
config.status:1744: $? = 0
config.status:1739: cd example       && sed -e '/# am--include-marker/d' Makefile         | make -f - am--depfiles
config.status:1744: $? = 0
config.status:1739: cd pyinterface       && sed -e '/# am--include-marker/d' Makefile         | make -f - am--depfiles
config.status:1744: $? = 0
config.status:1739: cd src       && sed -e '/# am--include-marker/d' Makefile         | make -f - am--depfiles
config.status:1744: $? = 0
config.status:1572: executing libtool commands
configure:22308: === configuring in plugins/SISCone/siscone (/home/dkennedy_umass_edu/MG5_aMC_v3_5_3/fastjet-3.4.2/plugins/SISCone/siscone)
configure:22369: running /bin/bash ./configure --disable-option-checking '--prefix=/home/dkennedy_umass_edu/MG5_aMC_v3_5_3/fastjet-3.4.2/fastjet-install'  'build_alias=x86_64-conda-linux-gnu' 'host_alias=x86_64-conda-linux-gnu' 'CC=/home/dkennedy_umass_edu/Software/Python/anaconda3/envs/root6/bin/x86_64-conda-linux-gnu-cc' 'CFLAGS=-march=nocona -mtune=haswell -ftree-vectorize -fPIC -fstack-protector-strong -fno-plt -O2 -ffunction-sections -pipe -isystem /home/dkennedy_umass_edu/Software/Python/anaconda3/envs/root6/include' 'LDFLAGS=-Wl,-O2 -Wl,--sort-common -Wl,--as-needed -Wl,-z,relro -Wl,-z,now -Wl,--disable-new-dtags -Wl,--gc-sections -Wl,--allow-shlib-undefined -Wl,-rpath,/home/dkennedy_umass_edu/Software/Python/anaconda3/envs/root6/lib -Wl,-rpath-link,/home/dkennedy_umass_edu/Software/Python/anaconda3/envs/root6/lib -L/home/dkennedy_umass_edu/Software/Python/anaconda3/envs/root6/lib' 'CPPFLAGS=-DNDEBUG -D_FORTIFY_SOURCE=2 -O2 -isystem /home/dkennedy_umass_edu/Software/Python/anaconda3/envs/root6/include' 'CXX=/home/dkennedy_umass_edu/Software/Python/anaconda3/envs/root6/bin/x86_64-conda-linux-gnu-c++' 'CXXFLAGS=-fvisibility-inlines-hidden -std=c++17 -fmessage-length=0 -march=nocona -mtune=haswell -ftree-vectorize -fPIC -fstack-protector-strong -fno-plt -O2 -ffunction-sections -pipe -isystem /home/dkennedy_umass_edu/Software/Python/anaconda3/envs/root6/include' 'FC=/home/dkennedy_umass_edu/Software/Python/anaconda3/envs/root6/bin/x86_64-conda-linux-gnu-gfortran' --cache-file=/dev/null --srcdir=.

## ---------------- ##
## Cache variables. ##
## ---------------- ##

ac_cv_build=x86_64-conda-linux-gnu
ac_cv_c_compiler_gnu=yes
ac_cv_cxx_compiler_gnu=yes
ac_cv_env_CCC_set=
ac_cv_env_CCC_value=
ac_cv_env_CC_set=set
ac_cv_env_CC_value=/home/dkennedy_umass_edu/Software/Python/anaconda3/envs/root6/bin/x86_64-conda-linux-gnu-cc
ac_cv_env_CFLAGS_set=set
ac_cv_env_CFLAGS_value='-march=nocona -mtune=haswell -ftree-vectorize -fPIC -fstack-protector-strong -fno-plt -O2 -ffunction-sections -pipe -isystem /home/dkennedy_umass_edu/Software/Python/anaconda3/envs/root6/include'
ac_cv_env_CPPFLAGS_set=set
ac_cv_env_CPPFLAGS_value='-DNDEBUG -D_FORTIFY_SOURCE=2 -O2 -isystem /home/dkennedy_umass_edu/Software/Python/anaconda3/envs/root6/include'
ac_cv_env_CXXCPP_set=
ac_cv_env_CXXCPP_value=
ac_cv_env_CXXFLAGS_set=set
ac_cv_env_CXXFLAGS_value='-fvisibility-inlines-hidden -std=c++17 -fmessage-length=0 -march=nocona -mtune=haswell -ftree-vectorize -fPIC -fstack-protector-strong -fno-plt -O2 -ffunction-sections -pipe -isystem /home/dkennedy_umass_edu/Software/Python/anaconda3/envs/root6/include'
ac_cv_env_CXX_set=set
ac_cv_env_CXX_value=/home/dkennedy_umass_edu/Software/Python/anaconda3/envs/root6/bin/x86_64-conda-linux-gnu-c++
ac_cv_env_FCFLAGS_set=
ac_cv_env_FCFLAGS_value=
ac_cv_env_FC_set=set
ac_cv_env_FC_value=/home/dkennedy_umass_edu/Software/Python/anaconda3/envs/root6/bin/x86_64-conda-linux-gnu-gfortran
ac_cv_env_LDFLAGS_set=set
ac_cv_env_LDFLAGS_value='-Wl,-O2 -Wl,--sort-common -Wl,--as-needed -Wl,-z,relro -Wl,-z,now -Wl,--disable-new-dtags -Wl,--gc-sections -Wl,--allow-shlib-undefined -Wl,-rpath,/home/dkennedy_umass_edu/Software/Python/anaconda3/envs/root6/lib -Wl,-rpath-link,/home/dkennedy_umass_edu/Software/Python/anaconda3/envs/root6/lib -L/home/dkennedy_umass_edu/Software/Python/anaconda3/envs/root6/lib'
ac_cv_env_LIBS_set=
ac_cv_env_LIBS_value=
ac_cv_env_LT_SYS_LIBRARY_PATH_set=
ac_cv_env_LT_SYS_LIBRARY_PATH_value=
ac_cv_env_PYTHON_CONFIG_set=
ac_cv_env_PYTHON_CONFIG_value=
ac_cv_env_PYTHON_INCLUDE_set=
ac_cv_env_PYTHON_INCLUDE_value=
ac_cv_env_PYTHON_set=
ac_cv_env_PYTHON_value=
ac_cv_env_build_alias_set=set
ac_cv_env_build_alias_value=x86_64-conda-linux-gnu
ac_cv_env_host_alias_set=set
ac_cv_env_host_alias_value=x86_64-conda-linux-gnu
ac_cv_env_target_alias_set=
ac_cv_env_target_alias_value=
ac_cv_header_dlfcn_h=yes
ac_cv_header_execinfo_h=yes
ac_cv_header_inttypes_h=yes
ac_cv_header_stdint_h=yes
ac_cv_header_stdio_h=yes
ac_cv_header_stdlib_h=yes
ac_cv_header_string_h=yes
ac_cv_header_strings_h=yes
ac_cv_header_sys_stat_h=yes
ac_cv_header_sys_types_h=yes
ac_cv_header_unistd_h=yes
ac_cv_host=x86_64-conda-linux-gnu
ac_cv_lib_m_cos=yes
ac_cv_objext=o
ac_cv_path_EGREP='/usr/bin/grep -E'
ac_cv_path_FGREP='/usr/bin/grep -F'
ac_cv_path_GREP=/usr/bin/grep
ac_cv_path_SED=/usr/bin/sed
ac_cv_path_install='/usr/bin/install -c'
ac_cv_path_lt_DD=/usr/bin/dd
ac_cv_path_mkdir=/usr/bin/mkdir
ac_cv_prog_AR=/home/dkennedy_umass_edu/Software/Python/anaconda3/envs/root6/bin/x86_64-conda-linux-gnu-ar
ac_cv_prog_AWK=gawk
ac_cv_prog_CC=/home/dkennedy_umass_edu/Software/Python/anaconda3/envs/root6/bin/x86_64-conda-linux-gnu-cc
ac_cv_prog_CXXCPP='/home/dkennedy_umass_edu/Software/Python/anaconda3/envs/root6/bin/x86_64-conda-linux-gnu-c++ -E'
ac_cv_prog_OBJDUMP=/home/dkennedy_umass_edu/Software/Python/anaconda3/envs/root6/bin/x86_64-conda-linux-gnu-objdump
ac_cv_prog_RANLIB=/home/dkennedy_umass_edu/Software/Python/anaconda3/envs/root6/bin/x86_64-conda-linux-gnu-ranlib
ac_cv_prog_STRIP=/home/dkennedy_umass_edu/Software/Python/anaconda3/envs/root6/bin/x86_64-conda-linux-gnu-strip
ac_cv_prog_ac_ct_FILECMD=file
ac_cv_prog_ac_ct_MANIFEST_TOOL=mt
ac_cv_prog_cc_c11=
ac_cv_prog_cc_g=yes
ac_cv_prog_cc_stdc=
ac_cv_prog_cxx_cxx11=
ac_cv_prog_cxx_found=yes
ac_cv_prog_cxx_g=yes
ac_cv_prog_cxx_stdcxx=
ac_cv_prog_make_make_set=yes
ac_cv_type_int=yes
ac_cv_type_long=yes
am_cv_CC_dependencies_compiler_type=gcc3
am_cv_CXX_dependencies_compiler_type=gcc3
am_cv_make_support_nested_variables=yes
am_cv_prog_cc_c_o=yes
am_cv_prog_tar_ustar=gnutar
lt_cv_ar_at_file=@
lt_cv_archive_cmds_need_lc=no
lt_cv_deplibs_check_method=pass_all
lt_cv_file_magic_cmd='$MAGIC_CMD'
lt_cv_file_magic_test_file=
lt_cv_ld_reload_flag=-r
lt_cv_nm_interface='BSD nm'
lt_cv_objdir=.libs
lt_cv_path_LD=/home/dkennedy_umass_edu/Software/Python/anaconda3/envs/root6/bin/x86_64-conda-linux-gnu-ld
lt_cv_path_LDCXX='/home/dkennedy_umass_edu/Software/Python/anaconda3/envs/root6/bin/x86_64-conda-linux-gnu-ld -m elf_x86_64'
lt_cv_path_NM=/home/dkennedy_umass_edu/Software/Python/anaconda3/envs/root6/bin/x86_64-conda-linux-gnu-nm
lt_cv_path_mainfest_tool=no
lt_cv_prog_compiler_c_o=yes
lt_cv_prog_compiler_c_o_CXX=yes
lt_cv_prog_compiler_pic='-fPIC -DPIC'
lt_cv_prog_compiler_pic_CXX='-fPIC -DPIC'
lt_cv_prog_compiler_pic_works=yes
lt_cv_prog_compiler_pic_works_CXX=yes
lt_cv_prog_compiler_rtti_exceptions=no
lt_cv_prog_compiler_static_works=yes
lt_cv_prog_compiler_static_works_CXX=yes
lt_cv_prog_gnu_ld=yes
lt_cv_prog_gnu_ldcxx=yes
lt_cv_sharedlib_from_linklib_cmd='printf %s\n'
lt_cv_shlibpath_overrides_runpath=no
lt_cv_sys_global_symbol_pipe='/usr/bin/sed -n -e '\''s/^.*[	 ]\([ABCDGIRSTW][ABCDGIRSTW]*\)[	 ][	 ]*\([_A-Za-z][_A-Za-z0-9]*\)$/\1 \2 \2/p'\'' | /usr/bin/sed '\''/ __gnu_lto/d'\'''
lt_cv_sys_global_symbol_to_c_name_address='/usr/bin/sed -n -e '\''s/^: \(.*\) .*$/  {"\1", (void *) 0},/p'\'' -e '\''s/^[ABCDGIRSTW][ABCDGIRSTW]* .* \(.*\)$/  {"\1", (void *) \&\1},/p'\'''
lt_cv_sys_global_symbol_to_c_name_address_lib_prefix='/usr/bin/sed -n -e '\''s/^: \(.*\) .*$/  {"\1", (void *) 0},/p'\'' -e '\''s/^[ABCDGIRSTW][ABCDGIRSTW]* .* \(lib.*\)$/  {"\1", (void *) \&\1},/p'\'' -e '\''s/^[ABCDGIRSTW][ABCDGIRSTW]* .* \(.*\)$/  {"lib\1", (void *) \&\1},/p'\'''
lt_cv_sys_global_symbol_to_cdecl='/usr/bin/sed -n -e '\''s/^T .* \(.*\)$/extern int \1();/p'\'' -e '\''s/^[ABCDGIRSTW][ABCDGIRSTW]* .* \(.*\)$/extern char \1;/p'\'''
lt_cv_sys_global_symbol_to_import=
lt_cv_sys_max_cmd_len=1572864
lt_cv_to_host_file_cmd=func_convert_file_noop
lt_cv_to_tool_file_cmd=func_convert_file_noop
lt_cv_truncate_bin='/usr/bin/dd bs=4096 count=1'

## ----------------- ##
## Output variables. ##
## ----------------- ##

ACLOCAL='${SHELL} '\''/home/dkennedy_umass_edu/MG5_aMC_v3_5_3/fastjet-3.4.2/missing'\'' aclocal-1.16'
AMDEPBACKSLASH='\'
AMDEP_FALSE='#'
AMDEP_TRUE=''
AMTAR='$${TAR-tar}'
AM_BACKSLASH='\'
AM_CXXFLAGS=' -g  -Woverloaded-virtual  -DDROP_CGAL '
AM_DEFAULT_V='$(AM_DEFAULT_VERBOSITY)'
AM_DEFAULT_VERBOSITY='1'
AM_FCFLAGS=''
AM_FFLAGS=''
AM_V='$(V)'
AR='/home/dkennedy_umass_edu/Software/Python/anaconda3/envs/root6/bin/x86_64-conda-linux-gnu-ar'
AUTOCONF='${SHELL} '\''/home/dkennedy_umass_edu/MG5_aMC_v3_5_3/fastjet-3.4.2/missing'\'' autoconf'
AUTOHEADER='${SHELL} '\''/home/dkennedy_umass_edu/MG5_aMC_v3_5_3/fastjet-3.4.2/missing'\'' autoheader'
AUTOMAKE='${SHELL} '\''/home/dkennedy_umass_edu/MG5_aMC_v3_5_3/fastjet-3.4.2/missing'\'' automake-1.16'
AWK='gawk'
AX_SWIG_PYTHON_CPPFLAGS=''
AX_SWIG_PYTHON_OPT=''
BUILD_INCLUDES_SWIG_FALSE=''
BUILD_INCLUDES_SWIG_TRUE='#'
BUILD_PLUGIN_ATLASCONE_FALSE=''
BUILD_PLUGIN_ATLASCONE_TRUE='#'
BUILD_PLUGIN_CDFCONES_FALSE='#'
BUILD_PLUGIN_CDFCONES_TRUE=''
BUILD_PLUGIN_CMSITERATIVECONE_FALSE=''
BUILD_PLUGIN_CMSITERATIVECONE_TRUE='#'
BUILD_PLUGIN_D0RUNICONE_FALSE=''
BUILD_PLUGIN_D0RUNICONE_TRUE='#'
BUILD_PLUGIN_D0RUNIICONE_FALSE=''
BUILD_PLUGIN_D0RUNIICONE_TRUE='#'
BUILD_PLUGIN_EECAMBRIDGE_FALSE='#'
BUILD_PLUGIN_EECAMBRIDGE_TRUE=''
BUILD_PLUGIN_GRIDJET_FALSE='#'
BUILD_PLUGIN_GRIDJET_TRUE=''
BUILD_PLUGIN_JADE_FALSE='#'
BUILD_PLUGIN_JADE_TRUE=''
BUILD_PLUGIN_NESTEDDEFS_FALSE='#'
BUILD_PLUGIN_NESTEDDEFS_TRUE=''
BUILD_PLUGIN_PXCONE_FALSE=''
BUILD_PLUGIN_PXCONE_TRUE='#'
BUILD_PLUGIN_SISCONE_FALSE='#'
BUILD_PLUGIN_SISCONE_TRUE=''
BUILD_PLUGIN_TRACKJET_FALSE=''
BUILD_PLUGIN_TRACKJET_TRUE='#'
BUILD_PYEXT_FALSE=''
BUILD_PYEXT_TRUE='#'
CC='/home/dkennedy_umass_edu/Software/Python/anaconda3/envs/root6/bin/x86_64-conda-linux-gnu-cc'
CCDEPMODE='depmode=gcc3'
CFLAGS='-march=nocona -mtune=haswell -ftree-vectorize -fPIC -fstack-protector-strong -fno-plt -O2 -ffunction-sections -pipe -isystem /home/dkennedy_umass_edu/Software/Python/anaconda3/envs/root6/include'
CGAL_CPPFLAGS=''
CGAL_LIBS=''
CONFIGURE_INVOCATION='./configure  '\''--prefix=/home/dkennedy_umass_edu/MG5_aMC_v3_5_3/fastjet-3.4.2/fastjet-install'\'' '\''build_alias=x86_64-conda-linux-gnu'\'' '\''host_alias=x86_64-conda-linux-gnu'\'' '\''CC=/home/dkennedy_umass_edu/Software/Python/anaconda3/envs/root6/bin/x86_64-conda-linux-gnu-cc'\'' '\''CFLAGS=-march=nocona -mtune=haswell -ftree-vectorize -fPIC -fstack-protector-strong -fno-plt -O2 -ffunction-sections -pipe -isystem /home/dkennedy_umass_edu/Software/Python/anaconda3/envs/root6/include'\'' '\''LDFLAGS=-Wl,-O2 -Wl,--sort-common -Wl,--as-needed -Wl,-z,relro -Wl,-z,now -Wl,--disable-new-dtags -Wl,--gc-sections -Wl,--allow-shlib-undefined -Wl,-rpath,/home/dkennedy_umass_edu/Software/Python/anaconda3/envs/root6/lib -Wl,-rpath-link,/home/dkennedy_umass_edu/Software/Python/anaconda3/envs/root6/lib -L/home/dkennedy_umass_edu/Software/Python/anaconda3/envs/root6/lib'\'' '\''CPPFLAGS=-DNDEBUG -D_FORTIFY_SOURCE=2 -O2 -isystem /home/dkennedy_umass_edu/Software/Python/anaconda3/envs/root6/include'\'' '\''CXX=/home/dkennedy_umass_edu/Software/Python/anaconda3/envs/root6/bin/x86_64-conda-linux-gnu-c++'\'' '\''CXXFLAGS=-fvisibility-inlines-hidden -std=c++17 -fmessage-length=0 -march=nocona -mtune=haswell -ftree-vectorize -fPIC -fstack-protector-strong -fno-plt -O2 -ffunction-sections -pipe -isystem /home/dkennedy_umass_edu/Software/Python/anaconda3/envs/root6/include'\'' '\''FC=/home/dkennedy_umass_edu/Software/Python/anaconda3/envs/root6/bin/x86_64-conda-linux-gnu-gfortran'\'''
CONFIG_CXXFLAGS=''
CONFIG_LIBS=' -lm '
CONFIG_LIBS_PLUGINS=' -lfastjetplugins  -lsiscone_spherical -lsiscone'
CONFIG_LIBS_PLUGINS_STATIC=' ${installationdir}/lib/libfastjetplugins.a  ${installationdir}/lib/libsiscone.a ${installationdir}/lib/libsiscone_spherical.a'
CONFIG_RUNPATH_FLAGS='-Wl,--enable-new-dtags'
CONFIG_SUMMARY='Configuration summary:\n----------------------\n  Installation directory     /home/dkennedy_umass_edu/MG5_aMC_v3_5_3/fastjet-3.4.2/fastjet-install\n  Shared libraries           yes\n  Static libraries           yes\n  Debug flag                 yes\n  CGAL support               no\n  Thread safety              no\n  Plugins: EECambridge       yes\n           Jade              yes\n           NestedDefs        yes\n           SISCone           yes\n           CDFCones          yes\n           D0RunICone        no\n           D0RunIICone       no\n           ATLASCone         no\n           CMSIterativeCone  no\n           PxCone            no\n           TrackJet          no\n           GridJet           yes\n  Monolithic plugins lib     yes\n  Python interface           no\n  Swig python generator      no\n'
CPPFLAGS='-DNDEBUG -D_FORTIFY_SOURCE=2 -O2 -isystem /home/dkennedy_umass_edu/Software/Python/anaconda3/envs/root6/include'
CSCOPE='cscope'
CTAGS='ctags'
CXX='/home/dkennedy_umass_edu/Software/Python/anaconda3/envs/root6/bin/x86_64-conda-linux-gnu-c++'
CXXCPP='/home/dkennedy_umass_edu/Software/Python/anaconda3/envs/root6/bin/x86_64-conda-linux-gnu-c++ -E'
CXXDEPMODE='depmode=gcc3'
CXXFLAGS='-fvisibility-inlines-hidden -std=c++17 -fmessage-length=0 -march=nocona -mtune=haswell -ftree-vectorize -fPIC -fstack-protector-strong -fno-plt -O2 -ffunction-sections -pipe -isystem /home/dkennedy_umass_edu/Software/Python/anaconda3/envs/root6/include'
CYGPATH_W='echo'
D0_CXXFLAGS=''
DEFS='-DHAVE_CONFIG_H'
DEPDIR='.deps'
DLLTOOL='false'
DSYMUTIL=''
DUMPBIN=''
ECHO_C=''
ECHO_N='-n'
ECHO_T=''
EGREP='/usr/bin/grep -E'
ETAGS='etags'
EXEEXT=''
F77='/home/dkennedy_umass_edu/Software/Python/anaconda3/envs/root6/bin/x86_64-conda-linux-gnu-gfortran'
FC='/home/dkennedy_umass_edu/Software/Python/anaconda3/envs/root6/bin/x86_64-conda-linux-gnu-gfortran'
FCFLAGS=''
FCLIBS=''
FFLAGS='-march=nocona -mtune=haswell -ftree-vectorize -fPIC -fstack-protector-strong -fno-plt -O2 -ffunction-sections -pipe -isystem /home/dkennedy_umass_edu/Software/Python/anaconda3/envs/root6/include'
FGREP='/usr/bin/grep -F'
FILECMD='file'
FLIBS=''
GREP='/usr/bin/grep'
HAS_RUNPATH_SUPPORT='yes'
HAS_SHARED='yes'
INSTALL_DATA='${INSTALL} -m 644'
INSTALL_PROGRAM='${INSTALL}'
INSTALL_SCRIPT='${INSTALL}'
INSTALL_STRIP_PROGRAM='$(install_sh) -c -s'
LD='/home/dkennedy_umass_edu/Software/Python/anaconda3/envs/root6/bin/x86_64-conda-linux-gnu-ld -m elf_x86_64'
LDFLAGS='-Wl,-O2 -Wl,--sort-common -Wl,--as-needed -Wl,-z,relro -Wl,-z,now -Wl,--disable-new-dtags -Wl,--gc-sections -Wl,--allow-shlib-undefined -Wl,-rpath,/home/dkennedy_umass_edu/Software/Python/anaconda3/envs/root6/lib -Wl,-rpath-link,/home/dkennedy_umass_edu/Software/Python/anaconda3/envs/root6/lib -L/home/dkennedy_umass_edu/Software/Python/anaconda3/envs/root6/lib'
LIBOBJS=''
LIBS='-lm '
LIBTOOL='$(SHELL) $(top_builddir)/libtool'
LIPO=''
LIST_ALL_PLUGINS=' SISCone CDFCones NestedDefs EECambridge Jade GridJet'
LN_S='ln -s'
LTLIBOBJS=''
LT_SYS_LIBRARY_PATH=''
MAKEINFO='${SHELL} '\''/home/dkennedy_umass_edu/MG5_aMC_v3_5_3/fastjet-3.4.2/missing'\'' makeinfo'
MANIFEST_TOOL=':'
MKDIR_P='/usr/bin/mkdir -p'
MONOLITHIC_PLUGINS_FALSE='#'
MONOLITHIC_PLUGINS_TRUE=''
NM='/home/dkennedy_umass_edu/Software/Python/anaconda3/envs/root6/bin/x86_64-conda-linux-gnu-nm'
NMEDIT=''
OBJDUMP='/home/dkennedy_umass_edu/Software/Python/anaconda3/envs/root6/bin/x86_64-conda-linux-gnu-objdump'
OBJEXT='o'
OTOOL64=''
OTOOL=''
PACKAGE='fastjet'
PACKAGE_BUGREPORT=''
PACKAGE_NAME='FastJet'
PACKAGE_STRING='FastJet 3.4.2'
PACKAGE_TARNAME='fastjet'
PACKAGE_URL=''
PACKAGE_VERSION='3.4.2'
PATH_SEPARATOR=':'
PYTHON=''
PYTHON_CONFIG=''
PYTHON_EXEC_PREFIX=''
PYTHON_INCLUDE=''
PYTHON_PLATFORM=''
PYTHON_PREFIX=''
PYTHON_VERSION=''
RANLIB='/home/dkennedy_umass_edu/Software/Python/anaconda3/envs/root6/bin/x86_64-conda-linux-gnu-ranlib'
SED='/usr/bin/sed'
SET_MAKE=''
SHELL='/bin/bash'
STRIP='/home/dkennedy_umass_edu/Software/Python/anaconda3/envs/root6/bin/x86_64-conda-linux-gnu-strip'
SWIG=''
SWIG_LIB=''
VERSION='3.4.2'
ac_ct_AR=''
ac_ct_CC=''
ac_ct_CXX=''
ac_ct_DUMPBIN=''
ac_ct_FC=''
am__EXEEXT_FALSE=''
am__EXEEXT_TRUE='#'
am__fastdepCC_FALSE='#'
am__fastdepCC_TRUE=''
am__fastdepCXX_FALSE='#'
am__fastdepCXX_TRUE=''
am__include='include'
am__isrc=''
am__leading_dot='.'
am__nodep='_no'
am__quote=''
am__tar='tar --format=ustar -chf - "$$tardir"'
am__untar='tar -xf -'
bindir='${exec_prefix}/bin'
build='x86_64-conda-linux-gnu'
build_alias='x86_64-conda-linux-gnu'
build_cpu='x86_64'
build_os='linux-gnu'
build_vendor='conda'
cxx_found='yes'
datadir='${datarootdir}'
datarootdir='${prefix}/share'
docdir='${datarootdir}/doc/${PACKAGE_TARNAME}'
dvidir='${docdir}'
exec_prefix='${prefix}'
host='x86_64-conda-linux-gnu'
host_alias='x86_64-conda-linux-gnu'
host_cpu='x86_64'
host_os='linux-gnu'
host_vendor='conda'
htmldir='${docdir}'
includedir='${prefix}/include'
infodir='${datarootdir}/info'
install_sh='${SHELL} /home/dkennedy_umass_edu/MG5_aMC_v3_5_3/fastjet-3.4.2/install-sh'
libdir='${exec_prefix}/lib'
libexecdir='${exec_prefix}/libexec'
localedir='${datarootdir}/locale'
localstatedir='${prefix}/var'
mandir='${datarootdir}/man'
mkdir_p='$(MKDIR_P)'
oldincludedir='/usr/include'
pdfdir='${docdir}'
pkgpyexecdir=''
pkgpythondir=''
prefix='/home/dkennedy_umass_edu/MG5_aMC_v3_5_3/fastjet-3.4.2/fastjet-install'
program_transform_name='s,x,x,'
psdir='${docdir}'
pyexecdir=''
pythondir=''
runstatedir='${localstatedir}/run'
sbindir='${exec_prefix}/sbin'
sharedstatedir='${prefix}/com'
subdirs=' plugins/SISCone/siscone'
sysconfdir='${prefix}/etc'
target_alias=''

## ----------- ##
## confdefs.h. ##
## ----------- ##

/* confdefs.h */
#define PACKAGE_NAME "FastJet"
#define PACKAGE_TARNAME "fastjet"
#define PACKAGE_VERSION "3.4.2"
#define PACKAGE_STRING "FastJet 3.4.2"
#define PACKAGE_BUGREPORT ""
#define PACKAGE_URL ""
#define PACKAGE "fastjet"
#define VERSION "3.4.2"
#define HAVE_STDIO_H 1
#define HAVE_STDLIB_H 1
#define HAVE_STRING_H 1
#define HAVE_INTTYPES_H 1
#define HAVE_STDINT_H 1
#define HAVE_STRINGS_H 1
#define HAVE_SYS_STAT_H 1
#define HAVE_SYS_TYPES_H 1
#define HAVE_UNISTD_H 1
#define STDC_HEADERS 1
#define HAVE_CXX14_DEPRECATED /**/
#define HAVE_GNUCXX_DEPRECATED /**/
#define HAVE_OVERRIDE /**/
#define HAVE_CXX14_DEPRECATED /**/
#define HAVE_GNUCXX_DEPRECATED /**/
#define HAVE_OVERRIDE /**/
#define HAVE_EXPLICIT_FOR_OPERATORS /**/
#define HAVE_EXECINFO_H 1
#define HAVE_LIBM 1
#define ENABLE_PLUGIN_SISCONE /**/
#define ENABLE_PLUGIN_CDFCONES /**/
#define ENABLE_PLUGIN_NESTEDDEFS /**/
#define ENABLE_PLUGIN_EECAMBRIDGE /**/
#define ENABLE_PLUGIN_JADE /**/
#define ENABLE_PLUGIN_GRIDJET /**/
#define HAVE_DLFCN_H 1
#define LT_OBJDIR ".libs/"
#define VERSION_MAJOR 3
#define VERSION_MINOR 4
#define VERSION_PATCHLEVEL 2
#define VERSION_NUMBER 30402

configure: exit 0
